{"C:\\Users\\leosh\\OneDrive\\Documents\\Restaurant Booking System\\booking-app\\src\\App.jsx": {"path":"C:\\Users\\leosh\\OneDrive\\Documents\\Restaurant Booking System\\booking-app\\src\\App.jsx","all":false,"statementMap":{"0":{"start":{"line":1,"column":0},"end":{"line":1,"column":64}},"1":{"start":{"line":2,"column":0},"end":{"line":2,"column":32}},"2":{"start":{"line":3,"column":0},"end":{"line":3,"column":48}},"3":{"start":{"line":4,"column":0},"end":{"line":4,"column":46}},"4":{"start":{"line":5,"column":0},"end":{"line":5,"column":50}},"5":{"start":{"line":6,"column":0},"end":{"line":6,"column":46}},"6":{"start":{"line":7,"column":0},"end":{"line":7,"column":36}},"7":{"start":{"line":8,"column":0},"end":{"line":8,"column":51}},"8":{"start":{"line":9,"column":0},"end":{"line":9,"column":38}},"10":{"start":{"line":11,"column":0},"end":{"line":11,"column":16}},"11":{"start":{"line":12,"column":0},"end":{"line":12,"column":10}},"12":{"start":{"line":13,"column":0},"end":{"line":13,"column":19}},"13":{"start":{"line":14,"column":0},"end":{"line":14,"column":14}},"15":{"start":{"line":16,"column":0},"end":{"line":16,"column":45}},"16":{"start":{"line":17,"column":0},"end":{"line":17,"column":65}},"17":{"start":{"line":18,"column":0},"end":{"line":18,"column":63}},"18":{"start":{"line":19,"column":0},"end":{"line":19,"column":53}},"19":{"start":{"line":20,"column":0},"end":{"line":20,"column":81}},"21":{"start":{"line":22,"column":0},"end":{"line":22,"column":62}},"22":{"start":{"line":23,"column":0},"end":{"line":23,"column":70}},"23":{"start":{"line":24,"column":0},"end":{"line":24,"column":71}},"24":{"start":{"line":25,"column":0},"end":{"line":25,"column":16}},"26":{"start":{"line":27,"column":0},"end":{"line":27,"column":64}},"27":{"start":{"line":28,"column":0},"end":{"line":28,"column":113}},"28":{"start":{"line":29,"column":0},"end":{"line":29,"column":16}},"29":{"start":{"line":30,"column":0},"end":{"line":30,"column":15}},"30":{"start":{"line":31,"column":0},"end":{"line":31,"column":20}},"32":{"start":{"line":33,"column":0},"end":{"line":33,"column":1}},"34":{"start":{"line":35,"column":0},"end":{"line":35,"column":19}}},"s":{"0":1,"1":1,"2":1,"3":1,"4":1,"5":1,"6":1,"7":1,"8":1,"10":3,"11":3,"12":3,"13":3,"15":3,"16":3,"17":3,"18":3,"19":3,"21":3,"22":3,"23":3,"24":3,"26":3,"27":3,"28":3,"29":3,"30":3,"32":3,"34":1},"branchMap":{"0":{"type":"branch","line":11,"loc":{"start":{"line":11,"column":0},"end":{"line":33,"column":1}},"locations":[{"start":{"line":11,"column":0},"end":{"line":33,"column":1}}]}},"b":{"0":[3]},"fnMap":{"0":{"name":"App","decl":{"start":{"line":11,"column":0},"end":{"line":33,"column":1}},"loc":{"start":{"line":11,"column":0},"end":{"line":33,"column":1}},"line":11}},"f":{"0":3}}
,"C:\\Users\\leosh\\OneDrive\\Documents\\Restaurant Booking System\\booking-app\\src\\main.jsx": {"path":"C:\\Users\\leosh\\OneDrive\\Documents\\Restaurant Booking System\\booking-app\\src\\main.jsx","all":false,"statementMap":{"0":{"start":{"line":1,"column":0},"end":{"line":1,"column":34}},"1":{"start":{"line":2,"column":0},"end":{"line":2,"column":45}},"2":{"start":{"line":3,"column":0},"end":{"line":3,"column":20}},"3":{"start":{"line":4,"column":0},"end":{"line":4,"column":27}},"4":{"start":{"line":5,"column":0},"end":{"line":5,"column":49}},"6":{"start":{"line":7,"column":0},"end":{"line":7,"column":51}},"7":{"start":{"line":8,"column":0},"end":{"line":8,"column":14}},"8":{"start":{"line":9,"column":0},"end":{"line":9,"column":18}},"9":{"start":{"line":10,"column":0},"end":{"line":10,"column":13}},"10":{"start":{"line":11,"column":0},"end":{"line":11,"column":19}},"11":{"start":{"line":12,"column":0},"end":{"line":12,"column":16}},"12":{"start":{"line":13,"column":0},"end":{"line":13,"column":2}}},"s":{"0":1,"1":1,"2":1,"3":1,"4":1,"6":1,"7":1,"8":1,"9":1,"10":1,"11":1,"12":1},"branchMap":{},"b":{},"fnMap":{},"f":{}}
,"C:\\Users\\leosh\\OneDrive\\Documents\\Restaurant Booking System\\booking-app\\src\\components\\RequireAuth.jsx": {"path":"C:\\Users\\leosh\\OneDrive\\Documents\\Restaurant Booking System\\booking-app\\src\\components\\RequireAuth.jsx","all":false,"statementMap":{"1":{"start":{"line":2,"column":0},"end":{"line":2,"column":65}},"2":{"start":{"line":3,"column":0},"end":{"line":3,"column":43}},"19":{"start":{"line":20,"column":0},"end":{"line":20,"column":37}},"20":{"start":{"line":21,"column":0},"end":{"line":21,"column":37}},"21":{"start":{"line":22,"column":0},"end":{"line":22,"column":23}},"22":{"start":{"line":23,"column":0},"end":{"line":23,"column":11}},"23":{"start":{"line":24,"column":0},"end":{"line":24,"column":4}},"24":{"start":{"line":25,"column":0},"end":{"line":25,"column":43}},"25":{"start":{"line":26,"column":0},"end":{"line":26,"column":28}},"26":{"start":{"line":27,"column":0},"end":{"line":27,"column":65}},"29":{"start":{"line":30,"column":0},"end":{"line":30,"column":18}},"30":{"start":{"line":31,"column":0},"end":{"line":31,"column":74}},"31":{"start":{"line":32,"column":0},"end":{"line":32,"column":3}},"34":{"start":{"line":35,"column":0},"end":{"line":35,"column":46}},"35":{"start":{"line":36,"column":0},"end":{"line":36,"column":56}},"36":{"start":{"line":37,"column":0},"end":{"line":37,"column":3}},"39":{"start":{"line":40,"column":0},"end":{"line":40,"column":32}},"40":{"start":{"line":41,"column":0},"end":{"line":41,"column":20}},"41":{"start":{"line":42,"column":0},"end":{"line":42,"column":1}}},"s":{"1":1,"2":1,"19":2,"20":2,"21":2,"22":2,"23":2,"24":2,"25":2,"26":2,"29":2,"30":1,"31":1,"34":2,"35":0,"36":0,"39":2,"40":1,"41":1},"branchMap":{"0":{"type":"branch","line":20,"loc":{"start":{"line":20,"column":0},"end":{"line":42,"column":1}},"locations":[{"start":{"line":20,"column":0},"end":{"line":42,"column":1}}]},"1":{"type":"branch","line":30,"loc":{"start":{"line":30,"column":17},"end":{"line":35,"column":45}},"locations":[{"start":{"line":30,"column":17},"end":{"line":35,"column":45}}]},"2":{"type":"branch","line":35,"loc":{"start":{"line":35,"column":45},"end":{"line":37,"column":3}},"locations":[{"start":{"line":35,"column":45},"end":{"line":37,"column":3}}]},"3":{"type":"branch","line":37,"loc":{"start":{"line":37,"column":2},"end":{"line":40,"column":23}},"locations":[{"start":{"line":37,"column":2},"end":{"line":40,"column":23}}]},"4":{"type":"branch","line":40,"loc":{"start":{"line":40,"column":16},"end":{"line":40,"column":32}},"locations":[{"start":{"line":40,"column":16},"end":{"line":40,"column":32}}]},"5":{"type":"branch","line":40,"loc":{"start":{"line":40,"column":23},"end":{"line":42,"column":1}},"locations":[{"start":{"line":40,"column":23},"end":{"line":42,"column":1}}]}},"b":{"0":[2],"1":[1],"2":[0],"3":[1],"4":[0],"5":[1]},"fnMap":{"0":{"name":"RequireAuth","decl":{"start":{"line":20,"column":0},"end":{"line":42,"column":1}},"loc":{"start":{"line":20,"column":0},"end":{"line":42,"column":1}},"line":20}},"f":{"0":2}}
,"C:\\Users\\leosh\\OneDrive\\Documents\\Restaurant Booking System\\booking-app\\src\\components\\UserMenu.jsx": {"path":"C:\\Users\\leosh\\OneDrive\\Documents\\Restaurant Booking System\\booking-app\\src\\components\\UserMenu.jsx","all":false,"statementMap":{"0":{"start":{"line":1,"column":0},"end":{"line":1,"column":53}},"1":{"start":{"line":2,"column":0},"end":{"line":2,"column":52}},"2":{"start":{"line":3,"column":0},"end":{"line":3,"column":43}},"4":{"start":{"line":5,"column":0},"end":{"line":5,"column":36}},"5":{"start":{"line":6,"column":0},"end":{"line":6,"column":58}},"6":{"start":{"line":7,"column":0},"end":{"line":7,"column":42}},"7":{"start":{"line":8,"column":0},"end":{"line":8,"column":27}},"8":{"start":{"line":9,"column":0},"end":{"line":9,"column":33}},"10":{"start":{"line":11,"column":0},"end":{"line":11,"column":19}},"11":{"start":{"line":12,"column":0},"end":{"line":12,"column":99}},"12":{"start":{"line":13,"column":0},"end":{"line":13,"column":46}},"13":{"start":{"line":14,"column":0},"end":{"line":14,"column":62}},"14":{"start":{"line":15,"column":0},"end":{"line":15,"column":9}},"16":{"start":{"line":17,"column":0},"end":{"line":17,"column":18}},"17":{"start":{"line":18,"column":0},"end":{"line":18,"column":102}},"18":{"start":{"line":19,"column":0},"end":{"line":19,"column":3}},"20":{"start":{"line":21,"column":0},"end":{"line":21,"column":56}},"22":{"start":{"line":23,"column":0},"end":{"line":23,"column":32}},"23":{"start":{"line":24,"column":0},"end":{"line":24,"column":19}},"24":{"start":{"line":25,"column":0},"end":{"line":25,"column":37}},"25":{"start":{"line":26,"column":0},"end":{"line":26,"column":4}},"27":{"start":{"line":28,"column":0},"end":{"line":28,"column":10}},"28":{"start":{"line":29,"column":0},"end":{"line":29,"column":40}},"29":{"start":{"line":30,"column":0},"end":{"line":30,"column":13}},"30":{"start":{"line":31,"column":0},"end":{"line":31,"column":42}},"31":{"start":{"line":32,"column":0},"end":{"line":32,"column":84}},"33":{"start":{"line":34,"column":0},"end":{"line":34,"column":102}},"34":{"start":{"line":35,"column":0},"end":{"line":35,"column":20}},"35":{"start":{"line":36,"column":0},"end":{"line":36,"column":15}},"36":{"start":{"line":37,"column":0},"end":{"line":37,"column":64}},"37":{"start":{"line":38,"column":0},"end":{"line":38,"column":15}},"39":{"start":{"line":40,"column":0},"end":{"line":40,"column":16}},"40":{"start":{"line":41,"column":0},"end":{"line":41,"column":101}},"41":{"start":{"line":42,"column":0},"end":{"line":42,"column":54}},"42":{"start":{"line":43,"column":0},"end":{"line":43,"column":69}},"43":{"start":{"line":44,"column":0},"end":{"line":44,"column":81}},"44":{"start":{"line":45,"column":0},"end":{"line":45,"column":16}},"45":{"start":{"line":46,"column":0},"end":{"line":46,"column":33}},"46":{"start":{"line":47,"column":0},"end":{"line":47,"column":109}},"47":{"start":{"line":48,"column":0},"end":{"line":48,"column":118}},"49":{"start":{"line":50,"column":0},"end":{"line":50,"column":19}},"50":{"start":{"line":51,"column":0},"end":{"line":51,"column":14}},"52":{"start":{"line":53,"column":0},"end":{"line":53,"column":10}},"54":{"start":{"line":55,"column":0},"end":{"line":55,"column":1}}},"s":{"0":1,"1":1,"2":1,"4":17,"5":17,"6":17,"7":17,"8":17,"10":17,"11":6,"12":6,"13":6,"14":17,"16":17,"17":17,"18":17,"20":17,"22":17,"23":0,"24":0,"25":0,"27":17,"28":17,"29":17,"30":17,"31":17,"33":17,"34":17,"35":17,"36":17,"37":17,"39":17,"40":0,"41":0,"42":0,"43":0,"44":0,"45":0,"46":0,"47":0,"49":0,"50":0,"52":17,"54":17},"branchMap":{"0":{"type":"branch","line":5,"loc":{"start":{"line":5,"column":0},"end":{"line":55,"column":1}},"locations":[{"start":{"line":5,"column":0},"end":{"line":55,"column":1}}]},"1":{"type":"branch","line":19,"loc":{"start":{"line":19,"column":2},"end":{"line":21,"column":52}},"locations":[{"start":{"line":19,"column":2},"end":{"line":21,"column":52}}]},"2":{"type":"branch","line":21,"loc":{"start":{"line":21,"column":48},"end":{"line":21,"column":56}},"locations":[{"start":{"line":21,"column":48},"end":{"line":21,"column":56}}]},"3":{"type":"branch","line":40,"loc":{"start":{"line":40,"column":7},"end":{"line":51,"column":14}},"locations":[{"start":{"line":40,"column":7},"end":{"line":51,"column":14}}]},"4":{"type":"branch","line":11,"loc":{"start":{"line":11,"column":12},"end":{"line":15,"column":5}},"locations":[{"start":{"line":11,"column":12},"end":{"line":15,"column":5}}]},"5":{"type":"branch","line":12,"loc":{"start":{"line":12,"column":20},"end":{"line":12,"column":99}},"locations":[{"start":{"line":12,"column":20},"end":{"line":12,"column":99}}]},"6":{"type":"branch","line":12,"loc":{"start":{"line":12,"column":37},"end":{"line":12,"column":81}},"locations":[{"start":{"line":12,"column":37},"end":{"line":12,"column":81}}]},"7":{"type":"branch","line":12,"loc":{"start":{"line":12,"column":81},"end":{"line":12,"column":97}},"locations":[{"start":{"line":12,"column":81},"end":{"line":12,"column":97}}]},"8":{"type":"branch","line":14,"loc":{"start":{"line":14,"column":11},"end":{"line":14,"column":62}},"locations":[{"start":{"line":14,"column":11},"end":{"line":14,"column":62}}]}},"b":{"0":[17],"1":[0],"2":[0],"3":[0],"4":[6],"5":[3],"6":[0],"7":[0],"8":[5]},"fnMap":{"0":{"name":"UserMenu","decl":{"start":{"line":5,"column":0},"end":{"line":55,"column":1}},"loc":{"start":{"line":5,"column":0},"end":{"line":55,"column":1}},"line":5},"1":{"name":"onClick","decl":{"start":{"line":12,"column":20},"end":{"line":12,"column":99}},"loc":{"start":{"line":12,"column":20},"end":{"line":12,"column":99}},"line":12},"2":{"name":"doLogout","decl":{"start":{"line":23,"column":19},"end":{"line":26,"column":4}},"loc":{"start":{"line":23,"column":19},"end":{"line":26,"column":4}},"line":23},"3":{"name":"onClick","decl":{"start":{"line":31,"column":17},"end":{"line":31,"column":42}},"loc":{"start":{"line":31,"column":17},"end":{"line":31,"column":42}},"line":31}},"f":{"0":17,"1":3,"2":0,"3":0}}
,"C:\\Users\\leosh\\OneDrive\\Documents\\Restaurant Booking System\\booking-app\\src\\context\\AuthContext.jsx": {"path":"C:\\Users\\leosh\\OneDrive\\Documents\\Restaurant Booking System\\booking-app\\src\\context\\AuthContext.jsx","all":false,"statementMap":{"0":{"start":{"line":1,"column":0},"end":{"line":1,"column":53}},"1":{"start":{"line":2,"column":0},"end":{"line":2,"column":41}},"2":{"start":{"line":3,"column":0},"end":{"line":3,"column":89}},"4":{"start":{"line":5,"column":0},"end":{"line":5,"column":52}},"5":{"start":{"line":6,"column":0},"end":{"line":6,"column":83}},"6":{"start":{"line":7,"column":0},"end":{"line":7,"column":93}},"7":{"start":{"line":8,"column":0},"end":{"line":8,"column":83}},"9":{"start":{"line":10,"column":0},"end":{"line":10,"column":119}},"10":{"start":{"line":11,"column":0},"end":{"line":11,"column":136}},"11":{"start":{"line":12,"column":0},"end":{"line":12,"column":119}},"13":{"start":{"line":14,"column":0},"end":{"line":14,"column":59}},"14":{"start":{"line":15,"column":0},"end":{"line":15,"column":64}},"15":{"start":{"line":16,"column":0},"end":{"line":16,"column":32}},"16":{"start":{"line":17,"column":0},"end":{"line":17,"column":32}},"17":{"start":{"line":18,"column":0},"end":{"line":18,"column":20}},"18":{"start":{"line":19,"column":0},"end":{"line":19,"column":16}},"19":{"start":{"line":20,"column":0},"end":{"line":20,"column":4}},"21":{"start":{"line":22,"column":0},"end":{"line":22,"column":39}},"22":{"start":{"line":23,"column":0},"end":{"line":23,"column":44}},"23":{"start":{"line":24,"column":0},"end":{"line":24,"column":32}},"24":{"start":{"line":25,"column":0},"end":{"line":25,"column":32}},"25":{"start":{"line":26,"column":0},"end":{"line":26,"column":28}},"26":{"start":{"line":27,"column":0},"end":{"line":27,"column":16}},"27":{"start":{"line":28,"column":0},"end":{"line":28,"column":4}},"29":{"start":{"line":30,"column":0},"end":{"line":30,"column":30}},"30":{"start":{"line":31,"column":0},"end":{"line":31,"column":54}},"31":{"start":{"line":32,"column":0},"end":{"line":32,"column":48}},"32":{"start":{"line":33,"column":0},"end":{"line":33,"column":4}},"34":{"start":{"line":35,"column":0},"end":{"line":35,"column":32}},"35":{"start":{"line":36,"column":0},"end":{"line":36,"column":78}},"36":{"start":{"line":37,"column":0},"end":{"line":37,"column":32}},"38":{"start":{"line":39,"column":0},"end":{"line":39,"column":79}},"39":{"start":{"line":40,"column":0},"end":{"line":40,"column":1}}},"s":{"0":1,"1":1,"2":1,"4":12,"5":12,"6":12,"7":12,"9":12,"10":12,"11":12,"13":12,"14":0,"15":0,"16":0,"17":0,"18":0,"19":0,"21":12,"22":0,"23":0,"24":0,"25":0,"26":0,"27":0,"29":12,"30":1,"31":1,"32":1,"34":12,"35":12,"36":12,"38":12,"39":12},"branchMap":{"0":{"type":"branch","line":5,"loc":{"start":{"line":5,"column":0},"end":{"line":40,"column":1}},"locations":[{"start":{"line":5,"column":0},"end":{"line":40,"column":1}}]},"1":{"type":"branch","line":6,"loc":{"start":{"line":6,"column":37},"end":{"line":6,"column":81}},"locations":[{"start":{"line":6,"column":37},"end":{"line":6,"column":81}}]},"2":{"type":"branch","line":6,"loc":{"start":{"line":6,"column":74},"end":{"line":6,"column":81}},"locations":[{"start":{"line":6,"column":74},"end":{"line":6,"column":81}}]},"3":{"type":"branch","line":7,"loc":{"start":{"line":7,"column":43},"end":{"line":7,"column":91}},"locations":[{"start":{"line":7,"column":43},"end":{"line":7,"column":91}}]},"4":{"type":"branch","line":7,"loc":{"start":{"line":7,"column":84},"end":{"line":7,"column":91}},"locations":[{"start":{"line":7,"column":84},"end":{"line":7,"column":91}}]},"5":{"type":"branch","line":8,"loc":{"start":{"line":8,"column":37},"end":{"line":8,"column":81}},"locations":[{"start":{"line":8,"column":37},"end":{"line":8,"column":81}}]},"6":{"type":"branch","line":8,"loc":{"start":{"line":8,"column":74},"end":{"line":8,"column":81}},"locations":[{"start":{"line":8,"column":74},"end":{"line":8,"column":81}}]},"7":{"type":"branch","line":10,"loc":{"start":{"line":10,"column":12},"end":{"line":10,"column":110}},"locations":[{"start":{"line":10,"column":12},"end":{"line":10,"column":110}}]},"8":{"type":"branch","line":10,"loc":{"start":{"line":10,"column":20},"end":{"line":10,"column":70}},"locations":[{"start":{"line":10,"column":20},"end":{"line":10,"column":70}}]},"9":{"type":"branch","line":10,"loc":{"start":{"line":10,"column":66},"end":{"line":10,"column":107}},"locations":[{"start":{"line":10,"column":66},"end":{"line":10,"column":107}}]},"10":{"type":"branch","line":11,"loc":{"start":{"line":11,"column":12},"end":{"line":11,"column":124}},"locations":[{"start":{"line":11,"column":12},"end":{"line":11,"column":124}}]},"11":{"type":"branch","line":11,"loc":{"start":{"line":11,"column":20},"end":{"line":11,"column":80}},"locations":[{"start":{"line":11,"column":20},"end":{"line":11,"column":80}}]},"12":{"type":"branch","line":11,"loc":{"start":{"line":11,"column":76},"end":{"line":11,"column":121}},"locations":[{"start":{"line":11,"column":76},"end":{"line":11,"column":121}}]},"13":{"type":"branch","line":12,"loc":{"start":{"line":12,"column":12},"end":{"line":12,"column":110}},"locations":[{"start":{"line":12,"column":12},"end":{"line":12,"column":110}}]},"14":{"type":"branch","line":12,"loc":{"start":{"line":12,"column":20},"end":{"line":12,"column":70}},"locations":[{"start":{"line":12,"column":20},"end":{"line":12,"column":70}}]},"15":{"type":"branch","line":12,"loc":{"start":{"line":12,"column":66},"end":{"line":12,"column":107}},"locations":[{"start":{"line":12,"column":66},"end":{"line":12,"column":107}}]},"16":{"type":"branch","line":30,"loc":{"start":{"line":30,"column":17},"end":{"line":33,"column":4}},"locations":[{"start":{"line":30,"column":17},"end":{"line":33,"column":4}}]},"17":{"type":"branch","line":31,"loc":{"start":{"line":31,"column":30},"end":{"line":31,"column":54}},"locations":[{"start":{"line":31,"column":30},"end":{"line":31,"column":54}}]},"18":{"type":"branch","line":35,"loc":{"start":{"line":35,"column":24},"end":{"line":37,"column":6}},"locations":[{"start":{"line":35,"column":24},"end":{"line":37,"column":6}}]}},"b":{"0":[12],"1":[11],"2":[7],"3":[11],"4":[7],"5":[11],"6":[8],"7":[12],"8":[4],"9":[8],"10":[12],"11":[4],"12":[8],"13":[12],"14":[3],"15":[9],"16":[1],"17":[0],"18":[12]},"fnMap":{"0":{"name":"AuthProvider","decl":{"start":{"line":5,"column":0},"end":{"line":40,"column":1}},"loc":{"start":{"line":5,"column":0},"end":{"line":40,"column":1}},"line":5},"1":{"name":"login","decl":{"start":{"line":14,"column":16},"end":{"line":20,"column":4}},"loc":{"start":{"line":14,"column":16},"end":{"line":20,"column":4}},"line":14},"2":{"name":"register","decl":{"start":{"line":22,"column":19},"end":{"line":28,"column":4}},"loc":{"start":{"line":22,"column":19},"end":{"line":28,"column":4}},"line":22},"3":{"name":"logout","decl":{"start":{"line":30,"column":17},"end":{"line":33,"column":4}},"loc":{"start":{"line":30,"column":17},"end":{"line":33,"column":4}},"line":30}},"f":{"0":12,"1":0,"2":0,"3":1}}
,"C:\\Users\\leosh\\OneDrive\\Documents\\Restaurant Booking System\\booking-app\\src\\context\\auth-context.js": {"path":"C:\\Users\\leosh\\OneDrive\\Documents\\Restaurant Booking System\\booking-app\\src\\context\\auth-context.js","all":false,"statementMap":{"0":{"start":{"line":1,"column":0},"end":{"line":1,"column":61}},"1":{"start":{"line":2,"column":0},"end":{"line":2,"column":0}},"2":{"start":{"line":3,"column":0},"end":{"line":3,"column":40}},"3":{"start":{"line":4,"column":0},"end":{"line":4,"column":27}}},"s":{"0":1,"1":1,"2":1,"3":1},"branchMap":{},"b":{},"fnMap":{},"f":{}}
,"C:\\Users\\leosh\\OneDrive\\Documents\\Restaurant Booking System\\booking-app\\src\\hooks\\useAuth.js": {"path":"C:\\Users\\leosh\\OneDrive\\Documents\\Restaurant Booking System\\booking-app\\src\\hooks\\useAuth.js","all":false,"statementMap":{"0":{"start":{"line":1,"column":0},"end":{"line":1,"column":58}},"1":{"start":{"line":2,"column":0},"end":{"line":2,"column":55}},"2":{"start":{"line":3,"column":0},"end":{"line":3,"column":0}},"3":{"start":{"line":4,"column":0},"end":{"line":4,"column":53}}},"s":{"0":1,"1":1,"2":1,"3":1},"branchMap":{"0":{"type":"branch","line":4,"loc":{"start":{"line":4,"column":23},"end":{"line":4,"column":52}},"locations":[{"start":{"line":4,"column":23},"end":{"line":4,"column":52}}]}},"b":{"0":[35]},"fnMap":{"0":{"name":"useAuth","decl":{"start":{"line":4,"column":23},"end":{"line":4,"column":52}},"loc":{"start":{"line":4,"column":23},"end":{"line":4,"column":52}},"line":4}},"f":{"0":35}}
,"C:\\Users\\leosh\\OneDrive\\Documents\\Restaurant Booking System\\booking-app\\src\\pages\\Account.jsx": {"path":"C:\\Users\\leosh\\OneDrive\\Documents\\Restaurant Booking System\\booking-app\\src\\pages\\Account.jsx","all":false,"statementMap":{"0":{"start":{"line":1,"column":0},"end":{"line":1,"column":53}},"1":{"start":{"line":2,"column":0},"end":{"line":2,"column":44}},"2":{"start":{"line":3,"column":0},"end":{"line":3,"column":43}},"3":{"start":{"line":4,"column":0},"end":{"line":4,"column":59}},"5":{"start":{"line":6,"column":0},"end":{"line":6,"column":35}},"6":{"start":{"line":7,"column":0},"end":{"line":7,"column":58}},"7":{"start":{"line":8,"column":0},"end":{"line":8,"column":33}},"9":{"start":{"line":10,"column":0},"end":{"line":10,"column":47}},"10":{"start":{"line":11,"column":0},"end":{"line":11,"column":59}},"11":{"start":{"line":12,"column":0},"end":{"line":12,"column":41}},"13":{"start":{"line":14,"column":0},"end":{"line":14,"column":17}},"14":{"start":{"line":15,"column":0},"end":{"line":15,"column":18}},"15":{"start":{"line":16,"column":0},"end":{"line":16,"column":91}},"16":{"start":{"line":17,"column":0},"end":{"line":17,"column":62}},"17":{"start":{"line":18,"column":0},"end":{"line":18,"column":11}},"18":{"start":{"line":19,"column":0},"end":{"line":19,"column":3}},"20":{"start":{"line":21,"column":0},"end":{"line":21,"column":24}},"21":{"start":{"line":22,"column":0},"end":{"line":22,"column":16}},"22":{"start":{"line":23,"column":0},"end":{"line":23,"column":21}},"23":{"start":{"line":24,"column":0},"end":{"line":24,"column":17}},"24":{"start":{"line":25,"column":0},"end":{"line":25,"column":9}},"25":{"start":{"line":26,"column":0},"end":{"line":26,"column":40}},"26":{"start":{"line":27,"column":0},"end":{"line":27,"column":46}},"27":{"start":{"line":28,"column":0},"end":{"line":28,"column":19}},"28":{"start":{"line":29,"column":0},"end":{"line":29,"column":43}},"29":{"start":{"line":30,"column":0},"end":{"line":30,"column":57}},"30":{"start":{"line":31,"column":0},"end":{"line":31,"column":27}},"32":{"start":{"line":33,"column":0},"end":{"line":33,"column":30}},"33":{"start":{"line":34,"column":0},"end":{"line":34,"column":83}},"34":{"start":{"line":35,"column":0},"end":{"line":35,"column":66}},"35":{"start":{"line":36,"column":0},"end":{"line":36,"column":7}},"36":{"start":{"line":37,"column":0},"end":{"line":37,"column":15}},"37":{"start":{"line":38,"column":0},"end":{"line":38,"column":40}},"38":{"start":{"line":39,"column":0},"end":{"line":39,"column":5}},"39":{"start":{"line":40,"column":0},"end":{"line":40,"column":7}},"41":{"start":{"line":42,"column":0},"end":{"line":42,"column":37}},"42":{"start":{"line":43,"column":0},"end":{"line":43,"column":25}},"44":{"start":{"line":45,"column":0},"end":{"line":45,"column":33}},"45":{"start":{"line":46,"column":0},"end":{"line":46,"column":83}},"46":{"start":{"line":47,"column":0},"end":{"line":47,"column":37}},"47":{"start":{"line":48,"column":0},"end":{"line":48,"column":4}},"49":{"start":{"line":50,"column":0},"end":{"line":50,"column":29}},"50":{"start":{"line":51,"column":0},"end":{"line":51,"column":16}},"51":{"start":{"line":52,"column":0},"end":{"line":52,"column":12}},"52":{"start":{"line":53,"column":0},"end":{"line":53,"column":60}},"53":{"start":{"line":54,"column":0},"end":{"line":54,"column":76}},"54":{"start":{"line":55,"column":0},"end":{"line":55,"column":12}},"56":{"start":{"line":57,"column":0},"end":{"line":57,"column":3}},"58":{"start":{"line":59,"column":0},"end":{"line":59,"column":10}},"59":{"start":{"line":60,"column":0},"end":{"line":60,"column":74}},"60":{"start":{"line":61,"column":0},"end":{"line":61,"column":44}},"61":{"start":{"line":62,"column":0},"end":{"line":62,"column":87}},"62":{"start":{"line":63,"column":0},"end":{"line":63,"column":92}},"63":{"start":{"line":64,"column":0},"end":{"line":64,"column":107}},"64":{"start":{"line":65,"column":0},"end":{"line":65,"column":14}},"65":{"start":{"line":66,"column":0},"end":{"line":66,"column":15}},"67":{"start":{"line":68,"column":0},"end":{"line":68,"column":61}},"68":{"start":{"line":69,"column":0},"end":{"line":69,"column":64}},"69":{"start":{"line":70,"column":0},"end":{"line":70,"column":110}},"72":{"start":{"line":73,"column":0},"end":{"line":73,"column":83}},"73":{"start":{"line":74,"column":0},"end":{"line":74,"column":52}},"74":{"start":{"line":75,"column":0},"end":{"line":75,"column":66}},"75":{"start":{"line":76,"column":0},"end":{"line":76,"column":49}},"76":{"start":{"line":77,"column":0},"end":{"line":77,"column":58}},"78":{"start":{"line":79,"column":0},"end":{"line":79,"column":104}},"79":{"start":{"line":80,"column":0},"end":{"line":80,"column":97}},"80":{"start":{"line":81,"column":0},"end":{"line":81,"column":16}},"81":{"start":{"line":82,"column":0},"end":{"line":82,"column":53}},"82":{"start":{"line":83,"column":0},"end":{"line":83,"column":129}},"83":{"start":{"line":84,"column":0},"end":{"line":84,"column":14}},"84":{"start":{"line":85,"column":0},"end":{"line":85,"column":18}},"87":{"start":{"line":88,"column":0},"end":{"line":88,"column":83}},"88":{"start":{"line":89,"column":0},"end":{"line":89,"column":53}},"89":{"start":{"line":90,"column":0},"end":{"line":90,"column":53}},"90":{"start":{"line":91,"column":0},"end":{"line":91,"column":19}},"91":{"start":{"line":92,"column":0},"end":{"line":92,"column":33}},"92":{"start":{"line":93,"column":0},"end":{"line":93,"column":85}},"93":{"start":{"line":94,"column":0},"end":{"line":94,"column":13}},"95":{"start":{"line":96,"column":0},"end":{"line":96,"column":21}},"96":{"start":{"line":97,"column":0},"end":{"line":97,"column":19}},"97":{"start":{"line":98,"column":0},"end":{"line":98,"column":36}},"100":{"start":{"line":101,"column":0},"end":{"line":101,"column":77}},"101":{"start":{"line":102,"column":0},"end":{"line":102,"column":31}},"102":{"start":{"line":103,"column":0},"end":{"line":103,"column":49}},"103":{"start":{"line":104,"column":0},"end":{"line":104,"column":16}},"104":{"start":{"line":105,"column":0},"end":{"line":105,"column":53}},"105":{"start":{"line":106,"column":0},"end":{"line":106,"column":66}},"106":{"start":{"line":107,"column":0},"end":{"line":107,"column":13}},"108":{"start":{"line":109,"column":0},"end":{"line":109,"column":21}},"109":{"start":{"line":110,"column":0},"end":{"line":110,"column":16}},"110":{"start":{"line":111,"column":0},"end":{"line":111,"column":53}},"112":{"start":{"line":113,"column":0},"end":{"line":113,"column":14}},"113":{"start":{"line":114,"column":0},"end":{"line":114,"column":18}},"116":{"start":{"line":117,"column":0},"end":{"line":117,"column":83}},"117":{"start":{"line":118,"column":0},"end":{"line":118,"column":56}},"118":{"start":{"line":119,"column":0},"end":{"line":119,"column":53}},"119":{"start":{"line":120,"column":0},"end":{"line":120,"column":187}},"120":{"start":{"line":121,"column":0},"end":{"line":121,"column":14}},"121":{"start":{"line":122,"column":0},"end":{"line":122,"column":18}},"122":{"start":{"line":123,"column":0},"end":{"line":123,"column":13}},"123":{"start":{"line":124,"column":0},"end":{"line":124,"column":10}},"125":{"start":{"line":126,"column":0},"end":{"line":126,"column":1}},"127":{"start":{"line":128,"column":0},"end":{"line":128,"column":34}},"128":{"start":{"line":129,"column":0},"end":{"line":129,"column":10}},"129":{"start":{"line":130,"column":0},"end":{"line":130,"column":52}},"130":{"start":{"line":131,"column":0},"end":{"line":131,"column":51}},"131":{"start":{"line":132,"column":0},"end":{"line":132,"column":80}},"132":{"start":{"line":133,"column":0},"end":{"line":133,"column":10}},"134":{"start":{"line":135,"column":0},"end":{"line":135,"column":1}}},"s":{"0":1,"1":1,"2":1,"3":1,"5":9,"6":9,"7":9,"9":9,"10":9,"11":9,"13":9,"14":5,"15":2,"16":2,"17":2,"18":2,"20":3,"21":3,"22":3,"23":3,"24":3,"25":3,"26":1,"27":3,"28":2,"29":2,"30":2,"32":2,"33":0,"34":0,"35":0,"36":3,"37":3,"38":3,"39":3,"41":3,"42":9,"44":9,"45":1,"46":1,"47":1,"49":9,"50":9,"51":3,"52":3,"53":3,"54":3,"56":3,"58":3,"59":3,"60":3,"61":3,"62":3,"63":3,"64":3,"65":3,"67":3,"68":3,"69":9,"72":9,"73":9,"74":9,"75":9,"76":9,"78":9,"79":9,"80":9,"81":9,"82":9,"83":9,"84":9,"87":9,"88":9,"89":9,"90":9,"91":9,"92":9,"93":9,"95":9,"96":9,"97":9,"100":0,"101":0,"102":0,"103":0,"104":9,"105":9,"106":9,"108":9,"109":9,"110":9,"112":9,"113":9,"116":9,"117":9,"118":9,"119":9,"120":9,"121":9,"122":9,"123":9,"125":9,"127":8,"128":8,"129":8,"130":8,"131":8,"132":8,"134":8},"branchMap":{"0":{"type":"branch","line":6,"loc":{"start":{"line":6,"column":0},"end":{"line":126,"column":1}},"locations":[{"start":{"line":6,"column":0},"end":{"line":126,"column":1}}]},"1":{"type":"branch","line":50,"loc":{"start":{"line":50,"column":17},"end":{"line":50,"column":29}},"locations":[{"start":{"line":50,"column":17},"end":{"line":50,"column":29}}]},"2":{"type":"branch","line":50,"loc":{"start":{"line":50,"column":24},"end":{"line":51,"column":15}},"locations":[{"start":{"line":50,"column":24},"end":{"line":51,"column":15}}]},"3":{"type":"branch","line":51,"loc":{"start":{"line":51,"column":15},"end":{"line":70,"column":18}},"locations":[{"start":{"line":51,"column":15},"end":{"line":70,"column":18}}]},"4":{"type":"branch","line":70,"loc":{"start":{"line":70,"column":9},"end":{"line":70,"column":110}},"locations":[{"start":{"line":70,"column":9},"end":{"line":70,"column":110}}]},"5":{"type":"branch","line":77,"loc":{"start":{"line":77,"column":39},"end":{"line":77,"column":56}},"locations":[{"start":{"line":77,"column":39},"end":{"line":77,"column":56}}]},"6":{"type":"branch","line":79,"loc":{"start":{"line":79,"column":13},"end":{"line":79,"column":42}},"locations":[{"start":{"line":79,"column":13},"end":{"line":79,"column":42}}]},"7":{"type":"branch","line":79,"loc":{"start":{"line":79,"column":28},"end":{"line":79,"column":104}},"locations":[{"start":{"line":79,"column":28},"end":{"line":79,"column":104}}]},"8":{"type":"branch","line":80,"loc":{"start":{"line":80,"column":13},"end":{"line":80,"column":39}},"locations":[{"start":{"line":80,"column":13},"end":{"line":80,"column":39}}]},"9":{"type":"branch","line":80,"loc":{"start":{"line":80,"column":28},"end":{"line":80,"column":97}},"locations":[{"start":{"line":80,"column":28},"end":{"line":80,"column":97}}]},"10":{"type":"branch","line":14,"loc":{"start":{"line":14,"column":10},"end":{"line":43,"column":3}},"locations":[{"start":{"line":14,"column":10},"end":{"line":43,"column":3}}]},"11":{"type":"branch","line":15,"loc":{"start":{"line":15,"column":17},"end":{"line":19,"column":3}},"locations":[{"start":{"line":15,"column":17},"end":{"line":19,"column":3}}]},"12":{"type":"branch","line":19,"loc":{"start":{"line":19,"column":2},"end":{"line":42,"column":37}},"locations":[{"start":{"line":19,"column":2},"end":{"line":42,"column":37}}]},"13":{"type":"branch","line":22,"loc":{"start":{"line":22,"column":3},"end":{"line":40,"column":5}},"locations":[{"start":{"line":22,"column":3},"end":{"line":40,"column":5}}]},"14":{"type":"branch","line":26,"loc":{"start":{"line":26,"column":38},"end":{"line":27,"column":46}},"locations":[{"start":{"line":26,"column":38},"end":{"line":27,"column":46}}]},"15":{"type":"branch","line":28,"loc":{"start":{"line":28,"column":4},"end":{"line":37,"column":6}},"locations":[{"start":{"line":28,"column":4},"end":{"line":37,"column":6}}]},"16":{"type":"branch","line":30,"loc":{"start":{"line":30,"column":32},"end":{"line":30,"column":56}},"locations":[{"start":{"line":30,"column":32},"end":{"line":30,"column":56}}]},"17":{"type":"branch","line":33,"loc":{"start":{"line":33,"column":6},"end":{"line":36,"column":7}},"locations":[{"start":{"line":33,"column":6},"end":{"line":36,"column":7}}]},"18":{"type":"branch","line":42,"loc":{"start":{"line":42,"column":9},"end":{"line":42,"column":37}},"locations":[{"start":{"line":42,"column":9},"end":{"line":42,"column":37}}]},"19":{"type":"branch","line":45,"loc":{"start":{"line":45,"column":20},"end":{"line":48,"column":4}},"locations":[{"start":{"line":45,"column":20},"end":{"line":48,"column":4}}]},"20":{"type":"branch","line":128,"loc":{"start":{"line":128,"column":0},"end":{"line":135,"column":1}},"locations":[{"start":{"line":128,"column":0},"end":{"line":135,"column":1}}]}},"b":{"0":[9],"1":[3],"2":[6],"3":[3],"4":[0],"5":[0],"6":[1],"7":[1],"8":[1],"9":[1],"10":[5],"11":[2],"12":[3],"13":[3],"14":[1],"15":[2],"16":[0],"17":[0],"18":[3],"19":[1],"20":[8]},"fnMap":{"0":{"name":"Account","decl":{"start":{"line":6,"column":0},"end":{"line":126,"column":1}},"loc":{"start":{"line":6,"column":0},"end":{"line":126,"column":1}},"line":6},"1":{"name":"doSignOut","decl":{"start":{"line":45,"column":20},"end":{"line":48,"column":4}},"loc":{"start":{"line":45,"column":20},"end":{"line":48,"column":4}},"line":45},"2":{"name":"onClick","decl":{"start":{"line":98,"column":23},"end":{"line":104,"column":16}},"loc":{"start":{"line":98,"column":23},"end":{"line":104,"column":16}},"line":98},"3":{"name":"Field","decl":{"start":{"line":128,"column":0},"end":{"line":135,"column":1}},"loc":{"start":{"line":128,"column":0},"end":{"line":135,"column":1}},"line":128}},"f":{"0":9,"1":1,"2":0,"3":8}}
,"C:\\Users\\leosh\\OneDrive\\Documents\\Restaurant Booking System\\booking-app\\src\\pages\\Auth.jsx": {"path":"C:\\Users\\leosh\\OneDrive\\Documents\\Restaurant Booking System\\booking-app\\src\\pages\\Auth.jsx","all":false,"statementMap":{"0":{"start":{"line":1,"column":0},"end":{"line":1,"column":33}},"1":{"start":{"line":2,"column":0},"end":{"line":2,"column":65}},"2":{"start":{"line":3,"column":0},"end":{"line":3,"column":43}},"4":{"start":{"line":5,"column":0},"end":{"line":5,"column":36}},"5":{"start":{"line":6,"column":0},"end":{"line":6,"column":40}},"6":{"start":{"line":7,"column":0},"end":{"line":7,"column":43}},"7":{"start":{"line":8,"column":0},"end":{"line":8,"column":33}},"8":{"start":{"line":9,"column":0},"end":{"line":9,"column":48}},"10":{"start":{"line":11,"column":0},"end":{"line":11,"column":68}},"11":{"start":{"line":12,"column":0},"end":{"line":12,"column":84}},"12":{"start":{"line":13,"column":0},"end":{"line":13,"column":36}},"13":{"start":{"line":14,"column":0},"end":{"line":14,"column":14}},"14":{"start":{"line":15,"column":0},"end":{"line":15,"column":17}},"15":{"start":{"line":16,"column":0},"end":{"line":16,"column":19}},"16":{"start":{"line":17,"column":0},"end":{"line":17,"column":16}},"17":{"start":{"line":18,"column":0},"end":{"line":18,"column":32}},"18":{"start":{"line":19,"column":0},"end":{"line":19,"column":5}},"19":{"start":{"line":20,"column":0},"end":{"line":20,"column":41}},"21":{"start":{"line":22,"column":0},"end":{"line":22,"column":80}},"23":{"start":{"line":24,"column":0},"end":{"line":24,"column":33}},"24":{"start":{"line":25,"column":0},"end":{"line":25,"column":23}},"25":{"start":{"line":26,"column":0},"end":{"line":26,"column":17}},"27":{"start":{"line":28,"column":0},"end":{"line":28,"column":9}},"28":{"start":{"line":29,"column":0},"end":{"line":29,"column":29}},"29":{"start":{"line":30,"column":0},"end":{"line":30,"column":21}},"30":{"start":{"line":31,"column":0},"end":{"line":31,"column":28}},"31":{"start":{"line":32,"column":0},"end":{"line":32,"column":34}},"32":{"start":{"line":33,"column":0},"end":{"line":33,"column":30}},"33":{"start":{"line":34,"column":0},"end":{"line":34,"column":11}},"34":{"start":{"line":35,"column":0},"end":{"line":35,"column":14}},"36":{"start":{"line":37,"column":0},"end":{"line":37,"column":24}},"37":{"start":{"line":38,"column":0},"end":{"line":38,"column":28}},"38":{"start":{"line":39,"column":0},"end":{"line":39,"column":34}},"39":{"start":{"line":40,"column":0},"end":{"line":40,"column":30}},"40":{"start":{"line":41,"column":0},"end":{"line":41,"column":76}},"41":{"start":{"line":42,"column":0},"end":{"line":42,"column":70}},"42":{"start":{"line":43,"column":0},"end":{"line":43,"column":66}},"43":{"start":{"line":44,"column":0},"end":{"line":44,"column":11}},"44":{"start":{"line":45,"column":0},"end":{"line":45,"column":7}},"46":{"start":{"line":47,"column":0},"end":{"line":47,"column":119}},"47":{"start":{"line":48,"column":0},"end":{"line":48,"column":19}},"48":{"start":{"line":49,"column":0},"end":{"line":49,"column":25}},"49":{"start":{"line":50,"column":0},"end":{"line":50,"column":73}},"50":{"start":{"line":51,"column":0},"end":{"line":51,"column":74}},"51":{"start":{"line":52,"column":0},"end":{"line":52,"column":5}},"52":{"start":{"line":53,"column":0},"end":{"line":53,"column":4}},"54":{"start":{"line":55,"column":0},"end":{"line":55,"column":10}},"55":{"start":{"line":56,"column":0},"end":{"line":56,"column":77}},"56":{"start":{"line":57,"column":0},"end":{"line":57,"column":46}},"57":{"start":{"line":58,"column":0},"end":{"line":58,"column":60}},"58":{"start":{"line":59,"column":0},"end":{"line":59,"column":11}},"60":{"start":{"line":61,"column":0},"end":{"line":61,"column":39}},"61":{"start":{"line":62,"column":0},"end":{"line":62,"column":15}},"62":{"start":{"line":63,"column":0},"end":{"line":63,"column":104}},"63":{"start":{"line":64,"column":0},"end":{"line":64,"column":42}},"64":{"start":{"line":65,"column":0},"end":{"line":65,"column":9}},"66":{"start":{"line":67,"column":0},"end":{"line":67,"column":17}},"67":{"start":{"line":68,"column":0},"end":{"line":68,"column":15}},"68":{"start":{"line":69,"column":0},"end":{"line":69,"column":107}},"69":{"start":{"line":70,"column":0},"end":{"line":70,"column":45}},"70":{"start":{"line":71,"column":0},"end":{"line":71,"column":9}},"72":{"start":{"line":73,"column":0},"end":{"line":73,"column":17}},"73":{"start":{"line":74,"column":0},"end":{"line":74,"column":12}},"75":{"start":{"line":76,"column":0},"end":{"line":76,"column":39}},"76":{"start":{"line":77,"column":0},"end":{"line":77,"column":142}},"77":{"start":{"line":78,"column":0},"end":{"line":78,"column":16}},"78":{"start":{"line":79,"column":0},"end":{"line":79,"column":24}},"79":{"start":{"line":80,"column":0},"end":{"line":80,"column":28}},"80":{"start":{"line":81,"column":0},"end":{"line":81,"column":27}},"81":{"start":{"line":82,"column":0},"end":{"line":82,"column":28}},"82":{"start":{"line":83,"column":0},"end":{"line":83,"column":45}},"83":{"start":{"line":84,"column":0},"end":{"line":84,"column":52}},"84":{"start":{"line":85,"column":0},"end":{"line":85,"column":12}},"86":{"start":{"line":87,"column":0},"end":{"line":87,"column":16}},"87":{"start":{"line":88,"column":0},"end":{"line":88,"column":144}},"88":{"start":{"line":89,"column":0},"end":{"line":89,"column":16}},"89":{"start":{"line":90,"column":0},"end":{"line":90,"column":24}},"90":{"start":{"line":91,"column":0},"end":{"line":91,"column":28}},"91":{"start":{"line":92,"column":0},"end":{"line":92,"column":27}},"92":{"start":{"line":93,"column":0},"end":{"line":93,"column":30}},"93":{"start":{"line":94,"column":0},"end":{"line":94,"column":47}},"94":{"start":{"line":95,"column":0},"end":{"line":95,"column":54}},"95":{"start":{"line":96,"column":0},"end":{"line":96,"column":12}},"97":{"start":{"line":98,"column":0},"end":{"line":98,"column":16}},"98":{"start":{"line":99,"column":0},"end":{"line":99,"column":12}},"100":{"start":{"line":101,"column":0},"end":{"line":101,"column":54}},"102":{"start":{"line":103,"column":0},"end":{"line":103,"column":14}},"103":{"start":{"line":104,"column":0},"end":{"line":104,"column":22}},"104":{"start":{"line":105,"column":0},"end":{"line":105,"column":22}},"105":{"start":{"line":106,"column":0},"end":{"line":106,"column":29}},"106":{"start":{"line":107,"column":0},"end":{"line":107,"column":47}},"107":{"start":{"line":108,"column":0},"end":{"line":108,"column":28}},"108":{"start":{"line":109,"column":0},"end":{"line":109,"column":29}},"109":{"start":{"line":110,"column":0},"end":{"line":110,"column":18}},"110":{"start":{"line":111,"column":0},"end":{"line":111,"column":10}},"111":{"start":{"line":112,"column":0},"end":{"line":112,"column":14}},"112":{"start":{"line":113,"column":0},"end":{"line":113,"column":25}},"113":{"start":{"line":114,"column":0},"end":{"line":114,"column":25}},"114":{"start":{"line":115,"column":0},"end":{"line":115,"column":32}},"115":{"start":{"line":116,"column":0},"end":{"line":116,"column":47}},"116":{"start":{"line":117,"column":0},"end":{"line":117,"column":31}},"117":{"start":{"line":118,"column":0},"end":{"line":118,"column":29}},"118":{"start":{"line":119,"column":0},"end":{"line":119,"column":18}},"119":{"start":{"line":120,"column":0},"end":{"line":120,"column":10}},"122":{"start":{"line":123,"column":0},"end":{"line":123,"column":60}},"123":{"start":{"line":124,"column":0},"end":{"line":124,"column":12}},"124":{"start":{"line":125,"column":0},"end":{"line":125,"column":18}},"125":{"start":{"line":126,"column":0},"end":{"line":126,"column":31}},"126":{"start":{"line":127,"column":0},"end":{"line":127,"column":38}},"127":{"start":{"line":128,"column":0},"end":{"line":128,"column":51}},"128":{"start":{"line":129,"column":0},"end":{"line":129,"column":37}},"129":{"start":{"line":130,"column":0},"end":{"line":130,"column":33}},"130":{"start":{"line":131,"column":0},"end":{"line":131,"column":22}},"131":{"start":{"line":132,"column":0},"end":{"line":132,"column":14}},"132":{"start":{"line":133,"column":0},"end":{"line":133,"column":18}},"133":{"start":{"line":134,"column":0},"end":{"line":134,"column":28}},"134":{"start":{"line":135,"column":0},"end":{"line":135,"column":35}},"135":{"start":{"line":136,"column":0},"end":{"line":136,"column":51}},"136":{"start":{"line":137,"column":0},"end":{"line":137,"column":34}},"137":{"start":{"line":138,"column":0},"end":{"line":138,"column":33}},"138":{"start":{"line":139,"column":0},"end":{"line":139,"column":22}},"139":{"start":{"line":140,"column":0},"end":{"line":140,"column":14}},"140":{"start":{"line":141,"column":0},"end":{"line":141,"column":13}},"144":{"start":{"line":145,"column":0},"end":{"line":145,"column":62}},"145":{"start":{"line":146,"column":0},"end":{"line":146,"column":16}},"146":{"start":{"line":147,"column":0},"end":{"line":147,"column":23}},"147":{"start":{"line":148,"column":0},"end":{"line":148,"column":41}},"148":{"start":{"line":149,"column":0},"end":{"line":149,"column":49}},"149":{"start":{"line":150,"column":0},"end":{"line":150,"column":29}},"150":{"start":{"line":151,"column":0},"end":{"line":151,"column":31}},"151":{"start":{"line":152,"column":0},"end":{"line":152,"column":20}},"152":{"start":{"line":153,"column":0},"end":{"line":153,"column":12}},"155":{"start":{"line":156,"column":0},"end":{"line":156,"column":70}},"156":{"start":{"line":157,"column":0},"end":{"line":157,"column":51}},"157":{"start":{"line":158,"column":0},"end":{"line":158,"column":17}},"158":{"start":{"line":159,"column":0},"end":{"line":159,"column":13}},"160":{"start":{"line":161,"column":0},"end":{"line":161,"column":61}},"161":{"start":{"line":162,"column":0},"end":{"line":162,"column":10}},"163":{"start":{"line":164,"column":0},"end":{"line":164,"column":1}}},"s":{"0":1,"1":1,"2":1,"4":0,"5":0,"6":0,"7":0,"8":0,"10":0,"11":0,"12":0,"13":0,"14":0,"15":0,"16":0,"17":0,"18":0,"19":0,"21":0,"23":0,"24":0,"25":0,"27":0,"28":0,"29":0,"30":0,"31":0,"32":0,"33":0,"34":0,"36":0,"37":0,"38":0,"39":0,"40":0,"41":0,"42":0,"43":0,"44":0,"46":0,"47":0,"48":0,"49":0,"50":0,"51":0,"52":0,"54":0,"55":0,"56":0,"57":0,"58":0,"60":0,"61":0,"62":0,"63":0,"64":0,"66":0,"67":0,"68":0,"69":0,"70":0,"72":0,"73":0,"75":0,"76":0,"77":0,"78":0,"79":0,"80":0,"81":0,"82":0,"83":0,"84":0,"86":0,"87":0,"88":0,"89":0,"90":0,"91":0,"92":0,"93":0,"94":0,"95":0,"97":0,"98":0,"100":0,"102":0,"103":0,"104":0,"105":0,"106":0,"107":0,"108":0,"109":0,"110":0,"111":0,"112":0,"113":0,"114":0,"115":0,"116":0,"117":0,"118":0,"119":0,"122":0,"123":0,"124":0,"125":0,"126":0,"127":0,"128":0,"129":0,"130":0,"131":0,"132":0,"133":0,"134":0,"135":0,"136":0,"137":0,"138":0,"139":0,"140":0,"144":0,"145":0,"146":0,"147":0,"148":0,"149":0,"150":0,"151":0,"152":0,"155":0,"156":0,"157":0,"158":0,"160":0,"161":0,"163":0},"branchMap":{},"b":{},"fnMap":{"0":{"name":"AuthPage","decl":{"start":{"line":5,"column":0},"end":{"line":164,"column":1}},"loc":{"start":{"line":5,"column":0},"end":{"line":164,"column":1}},"line":5}},"f":{"0":0}}
,"C:\\Users\\leosh\\OneDrive\\Documents\\Restaurant Booking System\\booking-app\\src\\pages\\Availability.jsx": {"path":"C:\\Users\\leosh\\OneDrive\\Documents\\Restaurant Booking System\\booking-app\\src\\pages\\Availability.jsx","all":false,"statementMap":{"0":{"start":{"line":1,"column":0},"end":{"line":1,"column":53}},"1":{"start":{"line":2,"column":0},"end":{"line":2,"column":70}},"2":{"start":{"line":3,"column":0},"end":{"line":3,"column":53}},"3":{"start":{"line":4,"column":0},"end":{"line":4,"column":46}},"5":{"start":{"line":6,"column":0},"end":{"line":6,"column":25}},"7":{"start":{"line":8,"column":0},"end":{"line":8,"column":18}},"8":{"start":{"line":9,"column":0},"end":{"line":9,"column":31}},"9":{"start":{"line":10,"column":0},"end":{"line":10,"column":35}},"10":{"start":{"line":11,"column":0},"end":{"line":11,"column":37}},"11":{"start":{"line":12,"column":0},"end":{"line":12,"column":2}},"14":{"start":{"line":15,"column":0},"end":{"line":15,"column":29}},"16":{"start":{"line":17,"column":0},"end":{"line":17,"column":50}},"17":{"start":{"line":18,"column":0},"end":{"line":18,"column":31}},"18":{"start":{"line":19,"column":0},"end":{"line":19,"column":53}},"19":{"start":{"line":20,"column":0},"end":{"line":20,"column":18}},"20":{"start":{"line":21,"column":0},"end":{"line":21,"column":1}},"22":{"start":{"line":23,"column":0},"end":{"line":23,"column":40}},"23":{"start":{"line":24,"column":0},"end":{"line":24,"column":60}},"24":{"start":{"line":25,"column":0},"end":{"line":25,"column":33}},"26":{"start":{"line":27,"column":0},"end":{"line":27,"column":48}},"27":{"start":{"line":28,"column":0},"end":{"line":28,"column":69}},"29":{"start":{"line":30,"column":0},"end":{"line":30,"column":43}},"30":{"start":{"line":31,"column":0},"end":{"line":31,"column":54}},"31":{"start":{"line":32,"column":0},"end":{"line":32,"column":46}},"33":{"start":{"line":34,"column":0},"end":{"line":34,"column":41}},"34":{"start":{"line":35,"column":0},"end":{"line":35,"column":56}},"35":{"start":{"line":36,"column":0},"end":{"line":36,"column":47}},"36":{"start":{"line":37,"column":0},"end":{"line":37,"column":41}},"37":{"start":{"line":38,"column":0},"end":{"line":38,"column":51}},"39":{"start":{"line":40,"column":0},"end":{"line":40,"column":34}},"40":{"start":{"line":41,"column":0},"end":{"line":41,"column":25}},"41":{"start":{"line":42,"column":0},"end":{"line":42,"column":33}},"42":{"start":{"line":43,"column":0},"end":{"line":43,"column":57}},"43":{"start":{"line":44,"column":0},"end":{"line":44,"column":52}},"44":{"start":{"line":45,"column":0},"end":{"line":45,"column":33}},"45":{"start":{"line":46,"column":0},"end":{"line":46,"column":9}},"47":{"start":{"line":48,"column":0},"end":{"line":48,"column":35}},"48":{"start":{"line":49,"column":0},"end":{"line":49,"column":28}},"49":{"start":{"line":50,"column":0},"end":{"line":50,"column":38}},"50":{"start":{"line":51,"column":0},"end":{"line":51,"column":80}},"51":{"start":{"line":52,"column":0},"end":{"line":52,"column":16}},"52":{"start":{"line":53,"column":0},"end":{"line":53,"column":34}},"54":{"start":{"line":55,"column":0},"end":{"line":55,"column":19}},"56":{"start":{"line":57,"column":0},"end":{"line":57,"column":85}},"58":{"start":{"line":59,"column":0},"end":{"line":59,"column":24}},"60":{"start":{"line":61,"column":0},"end":{"line":61,"column":19}},"61":{"start":{"line":62,"column":0},"end":{"line":62,"column":36}},"62":{"start":{"line":63,"column":0},"end":{"line":63,"column":23}},"63":{"start":{"line":64,"column":0},"end":{"line":64,"column":26}},"64":{"start":{"line":65,"column":0},"end":{"line":65,"column":15}},"65":{"start":{"line":66,"column":0},"end":{"line":66,"column":7}},"66":{"start":{"line":67,"column":0},"end":{"line":67,"column":23}},"67":{"start":{"line":68,"column":0},"end":{"line":68,"column":19}},"68":{"start":{"line":69,"column":0},"end":{"line":69,"column":11}},"69":{"start":{"line":70,"column":0},"end":{"line":70,"column":83}},"71":{"start":{"line":72,"column":0},"end":{"line":72,"column":50}},"72":{"start":{"line":73,"column":0},"end":{"line":73,"column":22}},"73":{"start":{"line":74,"column":0},"end":{"line":74,"column":21}},"74":{"start":{"line":75,"column":0},"end":{"line":75,"column":58}},"75":{"start":{"line":76,"column":0},"end":{"line":76,"column":45}},"76":{"start":{"line":77,"column":0},"end":{"line":77,"column":29}},"77":{"start":{"line":78,"column":0},"end":{"line":78,"column":63}},"78":{"start":{"line":79,"column":0},"end":{"line":79,"column":16}},"79":{"start":{"line":80,"column":0},"end":{"line":80,"column":71}},"80":{"start":{"line":81,"column":0},"end":{"line":81,"column":9}},"81":{"start":{"line":82,"column":0},"end":{"line":82,"column":17}},"82":{"start":{"line":83,"column":0},"end":{"line":83,"column":26}},"83":{"start":{"line":84,"column":0},"end":{"line":84,"column":28}},"84":{"start":{"line":85,"column":0},"end":{"line":85,"column":7}},"85":{"start":{"line":86,"column":0},"end":{"line":86,"column":6}},"87":{"start":{"line":88,"column":0},"end":{"line":88,"column":17}},"89":{"start":{"line":90,"column":0},"end":{"line":90,"column":24}},"91":{"start":{"line":92,"column":0},"end":{"line":92,"column":34}},"92":{"start":{"line":93,"column":0},"end":{"line":93,"column":39}},"93":{"start":{"line":94,"column":0},"end":{"line":94,"column":59}},"94":{"start":{"line":95,"column":0},"end":{"line":95,"column":22}},"96":{"start":{"line":97,"column":0},"end":{"line":97,"column":34}},"97":{"start":{"line":98,"column":0},"end":{"line":98,"column":78}},"98":{"start":{"line":99,"column":0},"end":{"line":99,"column":4}},"100":{"start":{"line":101,"column":0},"end":{"line":101,"column":27}},"101":{"start":{"line":102,"column":0},"end":{"line":102,"column":22}},"102":{"start":{"line":103,"column":0},"end":{"line":103,"column":29}},"103":{"start":{"line":104,"column":0},"end":{"line":104,"column":31}},"104":{"start":{"line":105,"column":0},"end":{"line":105,"column":43}},"105":{"start":{"line":106,"column":0},"end":{"line":106,"column":15}},"106":{"start":{"line":107,"column":0},"end":{"line":107,"column":4}},"107":{"start":{"line":108,"column":0},"end":{"line":108,"column":27}},"108":{"start":{"line":109,"column":0},"end":{"line":109,"column":22}},"109":{"start":{"line":110,"column":0},"end":{"line":110,"column":29}},"110":{"start":{"line":111,"column":0},"end":{"line":111,"column":31}},"111":{"start":{"line":112,"column":0},"end":{"line":112,"column":43}},"112":{"start":{"line":113,"column":0},"end":{"line":113,"column":15}},"113":{"start":{"line":114,"column":0},"end":{"line":114,"column":4}},"115":{"start":{"line":116,"column":0},"end":{"line":116,"column":10}},"116":{"start":{"line":117,"column":0},"end":{"line":117,"column":74}},"117":{"start":{"line":118,"column":0},"end":{"line":118,"column":44}},"118":{"start":{"line":119,"column":0},"end":{"line":119,"column":87}},"119":{"start":{"line":120,"column":0},"end":{"line":120,"column":65}},"121":{"start":{"line":122,"column":0},"end":{"line":122,"column":17}},"122":{"start":{"line":123,"column":0},"end":{"line":123,"column":79}},"124":{"start":{"line":125,"column":0},"end":{"line":125,"column":15}},"125":{"start":{"line":126,"column":0},"end":{"line":126,"column":22}},"126":{"start":{"line":127,"column":0},"end":{"line":127,"column":14}},"127":{"start":{"line":128,"column":0},"end":{"line":128,"column":15}},"128":{"start":{"line":129,"column":0},"end":{"line":129,"column":61}},"130":{"start":{"line":131,"column":0},"end":{"line":131,"column":74}},"131":{"start":{"line":132,"column":0},"end":{"line":132,"column":91}},"132":{"start":{"line":133,"column":0},"end":{"line":133,"column":84}},"133":{"start":{"line":134,"column":0},"end":{"line":134,"column":19}},"134":{"start":{"line":135,"column":0},"end":{"line":135,"column":70}},"135":{"start":{"line":136,"column":0},"end":{"line":136,"column":49}},"136":{"start":{"line":137,"column":0},"end":{"line":137,"column":25}},"137":{"start":{"line":138,"column":0},"end":{"line":138,"column":39}},"138":{"start":{"line":139,"column":0},"end":{"line":139,"column":54}},"139":{"start":{"line":140,"column":0},"end":{"line":140,"column":45}},"140":{"start":{"line":141,"column":0},"end":{"line":141,"column":19}},"142":{"start":{"line":143,"column":0},"end":{"line":143,"column":27}},"143":{"start":{"line":144,"column":0},"end":{"line":144,"column":24}},"144":{"start":{"line":145,"column":0},"end":{"line":145,"column":31}},"145":{"start":{"line":146,"column":0},"end":{"line":146,"column":34}},"146":{"start":{"line":147,"column":0},"end":{"line":147,"column":32}},"147":{"start":{"line":148,"column":0},"end":{"line":148,"column":61}},"148":{"start":{"line":149,"column":0},"end":{"line":149,"column":60}},"149":{"start":{"line":150,"column":0},"end":{"line":150,"column":20}},"150":{"start":{"line":151,"column":0},"end":{"line":151,"column":25}},"151":{"start":{"line":152,"column":0},"end":{"line":152,"column":39}},"152":{"start":{"line":153,"column":0},"end":{"line":153,"column":54}},"153":{"start":{"line":154,"column":0},"end":{"line":154,"column":41}},"154":{"start":{"line":155,"column":0},"end":{"line":155,"column":19}},"156":{"start":{"line":157,"column":0},"end":{"line":157,"column":27}},"157":{"start":{"line":158,"column":0},"end":{"line":158,"column":22}},"158":{"start":{"line":159,"column":0},"end":{"line":159,"column":45}},"159":{"start":{"line":160,"column":0},"end":{"line":160,"column":89}},"161":{"start":{"line":162,"column":0},"end":{"line":162,"column":20}},"163":{"start":{"line":164,"column":0},"end":{"line":164,"column":19}},"164":{"start":{"line":165,"column":0},"end":{"line":165,"column":76}},"165":{"start":{"line":166,"column":0},"end":{"line":166,"column":23}},"166":{"start":{"line":167,"column":0},"end":{"line":167,"column":63}},"167":{"start":{"line":168,"column":0},"end":{"line":168,"column":35}},"168":{"start":{"line":169,"column":0},"end":{"line":169,"column":72}},"170":{"start":{"line":171,"column":0},"end":{"line":171,"column":85}},"171":{"start":{"line":172,"column":0},"end":{"line":172,"column":58}},"172":{"start":{"line":173,"column":0},"end":{"line":173,"column":21}},"173":{"start":{"line":174,"column":0},"end":{"line":174,"column":25}},"174":{"start":{"line":175,"column":0},"end":{"line":175,"column":67}},"175":{"start":{"line":176,"column":0},"end":{"line":176,"column":59}},"176":{"start":{"line":177,"column":0},"end":{"line":177,"column":58}},"177":{"start":{"line":178,"column":0},"end":{"line":178,"column":22}},"179":{"start":{"line":180,"column":0},"end":{"line":180,"column":20}},"181":{"start":{"line":182,"column":0},"end":{"line":182,"column":19}},"182":{"start":{"line":183,"column":0},"end":{"line":183,"column":73}},"183":{"start":{"line":184,"column":0},"end":{"line":184,"column":49}},"184":{"start":{"line":185,"column":0},"end":{"line":185,"column":38}},"185":{"start":{"line":186,"column":0},"end":{"line":186,"column":27}},"186":{"start":{"line":187,"column":0},"end":{"line":187,"column":33}},"187":{"start":{"line":188,"column":0},"end":{"line":188,"column":54}},"188":{"start":{"line":189,"column":0},"end":{"line":189,"column":72}},"189":{"start":{"line":190,"column":0},"end":{"line":190,"column":96}},"190":{"start":{"line":191,"column":0},"end":{"line":191,"column":25}},"192":{"start":{"line":193,"column":0},"end":{"line":193,"column":31}},"193":{"start":{"line":194,"column":0},"end":{"line":194,"column":29}},"194":{"start":{"line":195,"column":0},"end":{"line":195,"column":21}},"195":{"start":{"line":196,"column":0},"end":{"line":196,"column":22}},"196":{"start":{"line":197,"column":0},"end":{"line":197,"column":20}},"197":{"start":{"line":198,"column":0},"end":{"line":198,"column":18}},"199":{"start":{"line":200,"column":0},"end":{"line":200,"column":52}},"200":{"start":{"line":201,"column":0},"end":{"line":201,"column":23}},"201":{"start":{"line":202,"column":0},"end":{"line":202,"column":22}},"202":{"start":{"line":203,"column":0},"end":{"line":203,"column":92}},"203":{"start":{"line":204,"column":0},"end":{"line":204,"column":55}},"204":{"start":{"line":205,"column":0},"end":{"line":205,"column":23}},"206":{"start":{"line":207,"column":0},"end":{"line":207,"column":62}},"208":{"start":{"line":209,"column":0},"end":{"line":209,"column":18}},"209":{"start":{"line":210,"column":0},"end":{"line":210,"column":16}},"210":{"start":{"line":211,"column":0},"end":{"line":211,"column":14}},"213":{"start":{"line":214,"column":0},"end":{"line":214,"column":19}},"214":{"start":{"line":215,"column":0},"end":{"line":215,"column":79}},"215":{"start":{"line":216,"column":0},"end":{"line":216,"column":24}},"216":{"start":{"line":217,"column":0},"end":{"line":217,"column":42}},"217":{"start":{"line":218,"column":0},"end":{"line":218,"column":71}},"219":{"start":{"line":220,"column":0},"end":{"line":220,"column":16}},"223":{"start":{"line":224,"column":0},"end":{"line":224,"column":21}},"224":{"start":{"line":225,"column":0},"end":{"line":225,"column":85}},"225":{"start":{"line":226,"column":0},"end":{"line":226,"column":54}},"226":{"start":{"line":227,"column":0},"end":{"line":227,"column":84}},"227":{"start":{"line":228,"column":0},"end":{"line":228,"column":15}},"228":{"start":{"line":229,"column":0},"end":{"line":229,"column":16}},"232":{"start":{"line":233,"column":0},"end":{"line":233,"column":32}},"233":{"start":{"line":234,"column":0},"end":{"line":234,"column":12}},"234":{"start":{"line":235,"column":0},"end":{"line":235,"column":38}},"235":{"start":{"line":236,"column":0},"end":{"line":236,"column":82}},"237":{"start":{"line":238,"column":0},"end":{"line":238,"column":20}},"239":{"start":{"line":240,"column":0},"end":{"line":240,"column":36}},"240":{"start":{"line":241,"column":0},"end":{"line":241,"column":86}},"241":{"start":{"line":242,"column":0},"end":{"line":242,"column":48}},"242":{"start":{"line":243,"column":0},"end":{"line":243,"column":120}},"243":{"start":{"line":244,"column":0},"end":{"line":244,"column":74}},"244":{"start":{"line":245,"column":0},"end":{"line":245,"column":33}},"245":{"start":{"line":246,"column":0},"end":{"line":246,"column":49}},"246":{"start":{"line":247,"column":0},"end":{"line":247,"column":89}},"247":{"start":{"line":248,"column":0},"end":{"line":248,"column":36}},"249":{"start":{"line":250,"column":0},"end":{"line":250,"column":28}},"250":{"start":{"line":251,"column":0},"end":{"line":251,"column":29}},"251":{"start":{"line":252,"column":0},"end":{"line":252,"column":51}},"252":{"start":{"line":253,"column":0},"end":{"line":253,"column":47}},"253":{"start":{"line":254,"column":0},"end":{"line":254,"column":63}},"254":{"start":{"line":255,"column":0},"end":{"line":255,"column":116}},"255":{"start":{"line":256,"column":0},"end":{"line":256,"column":137}},"257":{"start":{"line":258,"column":0},"end":{"line":258,"column":31}},"258":{"start":{"line":259,"column":0},"end":{"line":259,"column":37}},"259":{"start":{"line":260,"column":0},"end":{"line":260,"column":49}},"260":{"start":{"line":261,"column":0},"end":{"line":261,"column":35}},"263":{"start":{"line":264,"column":0},"end":{"line":264,"column":72}},"264":{"start":{"line":265,"column":0},"end":{"line":265,"column":81}},"265":{"start":{"line":266,"column":0},"end":{"line":266,"column":99}},"268":{"start":{"line":269,"column":0},"end":{"line":269,"column":33}},"269":{"start":{"line":270,"column":0},"end":{"line":270,"column":31}},"270":{"start":{"line":271,"column":0},"end":{"line":271,"column":31}},"272":{"start":{"line":273,"column":0},"end":{"line":273,"column":21}},"273":{"start":{"line":274,"column":0},"end":{"line":274,"column":22}},"276":{"start":{"line":277,"column":0},"end":{"line":277,"column":59}},"277":{"start":{"line":278,"column":0},"end":{"line":278,"column":116}},"278":{"start":{"line":279,"column":0},"end":{"line":279,"column":20}},"281":{"start":{"line":282,"column":0},"end":{"line":282,"column":82}},"282":{"start":{"line":283,"column":0},"end":{"line":283,"column":67}},"283":{"start":{"line":284,"column":0},"end":{"line":284,"column":116}},"284":{"start":{"line":285,"column":0},"end":{"line":285,"column":25}},"285":{"start":{"line":286,"column":0},"end":{"line":286,"column":67}},"286":{"start":{"line":287,"column":0},"end":{"line":287,"column":113}},"287":{"start":{"line":288,"column":0},"end":{"line":288,"column":25}},"288":{"start":{"line":289,"column":0},"end":{"line":289,"column":22}},"289":{"start":{"line":290,"column":0},"end":{"line":290,"column":20}},"291":{"start":{"line":292,"column":0},"end":{"line":292,"column":13}},"295":{"start":{"line":296,"column":0},"end":{"line":296,"column":64}},"296":{"start":{"line":297,"column":0},"end":{"line":297,"column":114}},"297":{"start":{"line":298,"column":0},"end":{"line":298,"column":108}},"298":{"start":{"line":299,"column":0},"end":{"line":299,"column":14}},"299":{"start":{"line":300,"column":0},"end":{"line":300,"column":13}},"300":{"start":{"line":301,"column":0},"end":{"line":301,"column":10}},"302":{"start":{"line":303,"column":0},"end":{"line":303,"column":1}}},"s":{"0":1,"1":1,"2":1,"3":1,"5":1,"7":1,"8":1,"9":1,"10":1,"11":1,"14":0,"16":0,"17":0,"18":0,"19":0,"20":0,"22":4,"23":4,"24":4,"26":4,"27":4,"29":4,"30":4,"31":4,"33":4,"34":4,"35":4,"36":4,"37":4,"39":4,"40":1,"41":1,"42":1,"43":1,"44":1,"45":4,"47":4,"48":1,"49":1,"50":1,"51":1,"52":4,"54":4,"56":1,"58":4,"60":4,"61":1,"62":1,"63":0,"64":0,"65":0,"66":1,"67":1,"68":1,"69":1,"71":1,"72":1,"73":1,"74":0,"75":0,"76":0,"77":0,"78":0,"79":0,"80":0,"81":1,"82":1,"83":1,"84":1,"85":1,"87":1,"89":4,"91":4,"92":2,"93":0,"94":4,"96":4,"97":0,"98":0,"100":4,"101":0,"102":0,"103":0,"104":0,"105":0,"106":0,"107":4,"108":0,"109":0,"110":0,"111":0,"112":0,"113":0,"115":4,"116":4,"117":4,"118":4,"119":4,"121":4,"122":4,"124":4,"125":4,"126":4,"127":4,"128":4,"130":4,"131":4,"132":4,"133":4,"134":4,"135":4,"136":4,"137":4,"138":4,"139":4,"140":4,"142":4,"143":4,"144":4,"145":4,"146":4,"147":4,"148":4,"149":4,"150":4,"151":4,"152":4,"153":4,"154":4,"156":4,"157":4,"158":4,"159":0,"161":4,"163":4,"164":4,"165":4,"166":4,"167":4,"168":4,"170":4,"171":32,"172":4,"173":4,"174":4,"175":0,"176":0,"177":0,"179":4,"181":4,"182":4,"183":4,"184":4,"185":12,"186":12,"187":12,"188":12,"189":12,"190":12,"192":12,"193":12,"194":4,"195":4,"196":4,"197":4,"199":4,"200":4,"201":4,"202":4,"203":4,"204":4,"206":0,"208":4,"209":4,"210":4,"213":4,"214":0,"215":0,"216":0,"217":0,"219":0,"223":4,"224":3,"225":3,"226":24,"227":3,"228":3,"232":4,"233":1,"234":1,"235":0,"237":0,"239":1,"240":1,"241":1,"242":2,"243":2,"244":2,"245":2,"246":1,"247":1,"249":2,"250":2,"251":2,"252":2,"253":2,"254":2,"255":2,"257":2,"258":2,"259":1,"260":1,"263":2,"264":2,"265":2,"268":2,"269":2,"270":2,"272":1,"273":1,"276":1,"277":1,"278":1,"281":1,"282":1,"283":1,"284":1,"285":1,"286":1,"287":1,"288":1,"289":1,"291":1,"295":4,"296":4,"297":4,"298":4,"299":4,"300":4,"302":4},"branchMap":{"0":{"type":"branch","line":23,"loc":{"start":{"line":23,"column":0},"end":{"line":303,"column":1}},"locations":[{"start":{"line":23,"column":0},"end":{"line":303,"column":1}}]},"1":{"type":"branch","line":27,"loc":{"start":{"line":27,"column":40},"end":{"line":27,"column":48}},"locations":[{"start":{"line":27,"column":40},"end":{"line":27,"column":48}}]},"2":{"type":"branch","line":28,"loc":{"start":{"line":28,"column":55},"end":{"line":28,"column":65}},"locations":[{"start":{"line":28,"column":55},"end":{"line":28,"column":65}}]},"3":{"type":"branch","line":159,"loc":{"start":{"line":159,"column":32},"end":{"line":160,"column":89}},"locations":[{"start":{"line":159,"column":32},"end":{"line":160,"column":89}}]},"4":{"type":"branch","line":175,"loc":{"start":{"line":175,"column":47},"end":{"line":178,"column":22}},"locations":[{"start":{"line":175,"column":47},"end":{"line":178,"column":22}}]},"5":{"type":"branch","line":205,"loc":{"start":{"line":205,"column":16},"end":{"line":207,"column":62}},"locations":[{"start":{"line":205,"column":16},"end":{"line":207,"column":62}}]},"6":{"type":"branch","line":214,"loc":{"start":{"line":214,"column":9},"end":{"line":220,"column":16}},"locations":[{"start":{"line":214,"column":9},"end":{"line":220,"column":16}}]},"7":{"type":"branch","line":224,"loc":{"start":{"line":224,"column":9},"end":{"line":229,"column":16}},"locations":[{"start":{"line":224,"column":9},"end":{"line":229,"column":16}}]},"8":{"type":"branch","line":233,"loc":{"start":{"line":233,"column":10},"end":{"line":233,"column":32}},"locations":[{"start":{"line":233,"column":10},"end":{"line":233,"column":32}}]},"9":{"type":"branch","line":233,"loc":{"start":{"line":233,"column":22},"end":{"line":292,"column":13}},"locations":[{"start":{"line":233,"column":22},"end":{"line":292,"column":13}}]},"10":{"type":"branch","line":235,"loc":{"start":{"line":235,"column":33},"end":{"line":238,"column":20}},"locations":[{"start":{"line":235,"column":33},"end":{"line":238,"column":20}}]},"11":{"type":"branch","line":40,"loc":{"start":{"line":40,"column":27},"end":{"line":46,"column":5}},"locations":[{"start":{"line":40,"column":27},"end":{"line":46,"column":5}}]},"12":{"type":"branch","line":48,"loc":{"start":{"line":48,"column":28},"end":{"line":53,"column":5}},"locations":[{"start":{"line":48,"column":28},"end":{"line":53,"column":5}}]},"13":{"type":"branch","line":49,"loc":{"start":{"line":49,"column":15},"end":{"line":49,"column":28}},"locations":[{"start":{"line":49,"column":15},"end":{"line":49,"column":28}}]},"14":{"type":"branch","line":50,"loc":{"start":{"line":50,"column":25},"end":{"line":50,"column":38}},"locations":[{"start":{"line":50,"column":25},"end":{"line":50,"column":38}}]},"15":{"type":"branch","line":51,"loc":{"start":{"line":51,"column":67},"end":{"line":51,"column":80}},"locations":[{"start":{"line":51,"column":67},"end":{"line":51,"column":80}}]},"16":{"type":"branch","line":55,"loc":{"start":{"line":55,"column":12},"end":{"line":59,"column":5}},"locations":[{"start":{"line":55,"column":12},"end":{"line":59,"column":5}}]},"17":{"type":"branch","line":61,"loc":{"start":{"line":61,"column":12},"end":{"line":90,"column":5}},"locations":[{"start":{"line":61,"column":12},"end":{"line":90,"column":5}}]},"18":{"type":"branch","line":62,"loc":{"start":{"line":62,"column":23},"end":{"line":86,"column":6}},"locations":[{"start":{"line":62,"column":23},"end":{"line":86,"column":6}}]},"19":{"type":"branch","line":63,"loc":{"start":{"line":63,"column":22},"end":{"line":66,"column":7}},"locations":[{"start":{"line":63,"column":22},"end":{"line":66,"column":7}}]},"20":{"type":"branch","line":72,"loc":{"start":{"line":72,"column":39},"end":{"line":72,"column":48}},"locations":[{"start":{"line":72,"column":39},"end":{"line":72,"column":48}}]},"21":{"type":"branch","line":74,"loc":{"start":{"line":74,"column":6},"end":{"line":82,"column":8}},"locations":[{"start":{"line":74,"column":6},"end":{"line":82,"column":8}}]},"22":{"type":"branch","line":92,"loc":{"start":{"line":92,"column":27},"end":{"line":95,"column":5}},"locations":[{"start":{"line":92,"column":27},"end":{"line":95,"column":5}}]},"23":{"type":"branch","line":93,"loc":{"start":{"line":93,"column":33},"end":{"line":94,"column":59}},"locations":[{"start":{"line":93,"column":33},"end":{"line":94,"column":59}}]},"24":{"type":"branch","line":171,"loc":{"start":{"line":171,"column":58},"end":{"line":171,"column":73}},"locations":[{"start":{"line":171,"column":58},"end":{"line":171,"column":73}}]},"25":{"type":"branch","line":171,"loc":{"start":{"line":171,"column":79},"end":{"line":172,"column":58}},"locations":[{"start":{"line":171,"column":79},"end":{"line":172,"column":58}}]},"26":{"type":"branch","line":185,"loc":{"start":{"line":185,"column":32},"end":{"line":194,"column":29}},"locations":[{"start":{"line":185,"column":32},"end":{"line":194,"column":29}}]},"27":{"type":"branch","line":190,"loc":{"start":{"line":190,"column":37},"end":{"line":190,"column":86}},"locations":[{"start":{"line":190,"column":37},"end":{"line":190,"column":86}}]},"28":{"type":"branch","line":190,"loc":{"start":{"line":190,"column":43},"end":{"line":190,"column":96}},"locations":[{"start":{"line":190,"column":43},"end":{"line":190,"column":96}}]},"29":{"type":"branch","line":226,"loc":{"start":{"line":226,"column":43},"end":{"line":227,"column":84}},"locations":[{"start":{"line":226,"column":43},"end":{"line":227,"column":84}}]},"30":{"type":"branch","line":242,"loc":{"start":{"line":242,"column":32},"end":{"line":273,"column":19}},"locations":[{"start":{"line":242,"column":32},"end":{"line":273,"column":19}}]},"31":{"type":"branch","line":243,"loc":{"start":{"line":243,"column":62},"end":{"line":243,"column":120}},"locations":[{"start":{"line":243,"column":62},"end":{"line":243,"column":120}}]},"32":{"type":"branch","line":243,"loc":{"start":{"line":243,"column":86},"end":{"line":243,"column":120}},"locations":[{"start":{"line":243,"column":86},"end":{"line":243,"column":120}}]},"33":{"type":"branch","line":244,"loc":{"start":{"line":244,"column":59},"end":{"line":244,"column":74}},"locations":[{"start":{"line":244,"column":59},"end":{"line":244,"column":74}}]},"34":{"type":"branch","line":246,"loc":{"start":{"line":246,"column":22},"end":{"line":246,"column":49}},"locations":[{"start":{"line":246,"column":22},"end":{"line":246,"column":49}}]},"35":{"type":"branch","line":246,"loc":{"start":{"line":246,"column":36},"end":{"line":248,"column":36}},"locations":[{"start":{"line":246,"column":36},"end":{"line":248,"column":36}}]},"36":{"type":"branch","line":247,"loc":{"start":{"line":247,"column":40},"end":{"line":247,"column":76}},"locations":[{"start":{"line":247,"column":40},"end":{"line":247,"column":76}}]},"37":{"type":"branch","line":247,"loc":{"start":{"line":247,"column":58},"end":{"line":247,"column":89}},"locations":[{"start":{"line":247,"column":58},"end":{"line":247,"column":89}}]},"38":{"type":"branch","line":256,"loc":{"start":{"line":256,"column":28},"end":{"line":256,"column":88}},"locations":[{"start":{"line":256,"column":28},"end":{"line":256,"column":88}}]},"39":{"type":"branch","line":256,"loc":{"start":{"line":256,"column":42},"end":{"line":256,"column":136}},"locations":[{"start":{"line":256,"column":42},"end":{"line":256,"column":136}}]},"40":{"type":"branch","line":259,"loc":{"start":{"line":259,"column":26},"end":{"line":260,"column":49}},"locations":[{"start":{"line":259,"column":26},"end":{"line":260,"column":49}}]},"41":{"type":"branch","line":260,"loc":{"start":{"line":260,"column":47},"end":{"line":261,"column":35}},"locations":[{"start":{"line":260,"column":47},"end":{"line":261,"column":35}}]},"42":{"type":"branch","line":266,"loc":{"start":{"line":266,"column":30},"end":{"line":266,"column":80}},"locations":[{"start":{"line":266,"column":30},"end":{"line":266,"column":80}}]},"43":{"type":"branch","line":266,"loc":{"start":{"line":266,"column":44},"end":{"line":266,"column":98}},"locations":[{"start":{"line":266,"column":44},"end":{"line":266,"column":98}}]}},"b":{"0":[4],"1":[0],"2":[0],"3":[0],"4":[0],"5":[0],"6":[0],"7":[3],"8":[1],"9":[1],"10":[0],"11":[1],"12":[1],"13":[0],"14":[0],"15":[0],"16":[1],"17":[1],"18":[1],"19":[0],"20":[0],"21":[0],"22":[2],"23":[0],"24":[32],"25":[32],"26":[12],"27":[4],"28":[8],"29":[24],"30":[2],"31":[1],"32":[0],"33":[0],"34":[1],"35":[1],"36":[0],"37":[0],"38":[1],"39":[1],"40":[1],"41":[1],"42":[1],"43":[1]},"fnMap":{"0":{"name":"sessionOf","decl":{"start":{"line":15,"column":0},"end":{"line":21,"column":1}},"loc":{"start":{"line":15,"column":0},"end":{"line":21,"column":1}},"line":15},"1":{"name":"Availability","decl":{"start":{"line":23,"column":0},"end":{"line":303,"column":1}},"loc":{"start":{"line":23,"column":0},"end":{"line":303,"column":1}},"line":23},"2":{"name":"fetchSlots","decl":{"start":{"line":62,"column":23},"end":{"line":86,"column":6}},"loc":{"start":{"line":62,"column":23},"end":{"line":86,"column":6}},"line":62},"3":{"name":"onSelectSlot","decl":{"start":{"line":97,"column":23},"end":{"line":99,"column":4}},"loc":{"start":{"line":97,"column":23},"end":{"line":99,"column":4}},"line":97},"4":{"name":"onPrevDay","decl":{"start":{"line":101,"column":20},"end":{"line":107,"column":4}},"loc":{"start":{"line":101,"column":20},"end":{"line":107,"column":4}},"line":101},"5":{"name":"onNextDay","decl":{"start":{"line":108,"column":20},"end":{"line":114,"column":4}},"loc":{"start":{"line":108,"column":20},"end":{"line":114,"column":4}},"line":108},"6":{"name":"onChange","decl":{"start":{"line":148,"column":30},"end":{"line":148,"column":61}},"loc":{"start":{"line":148,"column":30},"end":{"line":148,"column":61}},"line":148},"7":{"name":"onChange","decl":{"start":{"line":169,"column":28},"end":{"line":169,"column":72}},"loc":{"start":{"line":169,"column":28},"end":{"line":169,"column":72}},"line":169},"8":{"name":"onClick","decl":{"start":{"line":188,"column":31},"end":{"line":188,"column":54}},"loc":{"start":{"line":188,"column":31},"end":{"line":188,"column":54}},"line":188},"9":{"name":"onClick","decl":{"start":{"line":254,"column":33},"end":{"line":254,"column":63}},"loc":{"start":{"line":254,"column":33},"end":{"line":254,"column":63}},"line":254}},"f":{"0":0,"1":4,"2":1,"3":0,"4":0,"5":0,"6":0,"7":0,"8":0,"9":0}}
,"C:\\Users\\leosh\\OneDrive\\Documents\\Restaurant Booking System\\booking-app\\src\\pages\\BookingForm.jsx": {"path":"C:\\Users\\leosh\\OneDrive\\Documents\\Restaurant Booking System\\booking-app\\src\\pages\\BookingForm.jsx","all":false,"statementMap":{"0":{"start":{"line":1,"column":0},"end":{"line":1,"column":53}},"1":{"start":{"line":2,"column":0},"end":{"line":2,"column":70}},"2":{"start":{"line":3,"column":0},"end":{"line":3,"column":69}},"3":{"start":{"line":4,"column":0},"end":{"line":4,"column":43}},"4":{"start":{"line":5,"column":0},"end":{"line":5,"column":46}},"6":{"start":{"line":7,"column":0},"end":{"line":7,"column":25}},"8":{"start":{"line":9,"column":0},"end":{"line":9,"column":39}},"9":{"start":{"line":10,"column":0},"end":{"line":10,"column":33}},"10":{"start":{"line":11,"column":0},"end":{"line":11,"column":75}},"11":{"start":{"line":12,"column":0},"end":{"line":12,"column":43}},"12":{"start":{"line":13,"column":0},"end":{"line":13,"column":46}},"13":{"start":{"line":14,"column":0},"end":{"line":14,"column":46}},"14":{"start":{"line":15,"column":0},"end":{"line":15,"column":74}},"17":{"start":{"line":18,"column":0},"end":{"line":18,"column":38}},"19":{"start":{"line":20,"column":0},"end":{"line":20,"column":36}},"20":{"start":{"line":21,"column":0},"end":{"line":21,"column":18}},"21":{"start":{"line":22,"column":0},"end":{"line":22,"column":17}},"22":{"start":{"line":23,"column":0},"end":{"line":23,"column":14}},"23":{"start":{"line":24,"column":0},"end":{"line":24,"column":15}},"24":{"start":{"line":25,"column":0},"end":{"line":25,"column":54}},"25":{"start":{"line":26,"column":0},"end":{"line":26,"column":23}},"26":{"start":{"line":27,"column":0},"end":{"line":27,"column":5}},"28":{"start":{"line":29,"column":0},"end":{"line":29,"column":43}},"29":{"start":{"line":30,"column":0},"end":{"line":30,"column":54}},"30":{"start":{"line":31,"column":0},"end":{"line":31,"column":45}},"31":{"start":{"line":32,"column":0},"end":{"line":32,"column":65}},"34":{"start":{"line":35,"column":0},"end":{"line":35,"column":19}},"35":{"start":{"line":36,"column":0},"end":{"line":36,"column":25}},"37":{"start":{"line":38,"column":0},"end":{"line":38,"column":32}},"38":{"start":{"line":39,"column":0},"end":{"line":39,"column":5}},"39":{"start":{"line":40,"column":0},"end":{"line":40,"column":29}},"41":{"start":{"line":42,"column":0},"end":{"line":42,"column":71}},"44":{"start":{"line":45,"column":0},"end":{"line":45,"column":33}},"45":{"start":{"line":46,"column":0},"end":{"line":46,"column":17}},"46":{"start":{"line":47,"column":0},"end":{"line":47,"column":78}},"47":{"start":{"line":48,"column":0},"end":{"line":48,"column":75}},"48":{"start":{"line":49,"column":0},"end":{"line":49,"column":65}},"49":{"start":{"line":50,"column":0},"end":{"line":50,"column":89}},"50":{"start":{"line":51,"column":0},"end":{"line":51,"column":75}},"51":{"start":{"line":52,"column":0},"end":{"line":52,"column":94}},"52":{"start":{"line":53,"column":0},"end":{"line":53,"column":103}},"53":{"start":{"line":54,"column":0},"end":{"line":54,"column":17}},"54":{"start":{"line":55,"column":0},"end":{"line":55,"column":39}},"55":{"start":{"line":56,"column":0},"end":{"line":56,"column":4}},"57":{"start":{"line":58,"column":0},"end":{"line":58,"column":27}},"58":{"start":{"line":59,"column":0},"end":{"line":59,"column":37}},"59":{"start":{"line":60,"column":0},"end":{"line":60,"column":85}},"60":{"start":{"line":61,"column":0},"end":{"line":61,"column":4}},"62":{"start":{"line":63,"column":0},"end":{"line":63,"column":26}},"63":{"start":{"line":64,"column":0},"end":{"line":64,"column":35}},"64":{"start":{"line":65,"column":0},"end":{"line":65,"column":15}},"65":{"start":{"line":66,"column":0},"end":{"line":66,"column":4}},"67":{"start":{"line":68,"column":0},"end":{"line":68,"column":43}},"69":{"start":{"line":70,"column":0},"end":{"line":70,"column":48}},"70":{"start":{"line":71,"column":0},"end":{"line":71,"column":85}},"71":{"start":{"line":72,"column":0},"end":{"line":72,"column":75}},"72":{"start":{"line":73,"column":0},"end":{"line":73,"column":17}},"73":{"start":{"line":74,"column":0},"end":{"line":74,"column":79}},"74":{"start":{"line":75,"column":0},"end":{"line":75,"column":5}},"75":{"start":{"line":76,"column":0},"end":{"line":76,"column":55}},"76":{"start":{"line":77,"column":0},"end":{"line":77,"column":51}},"77":{"start":{"line":78,"column":0},"end":{"line":78,"column":44}},"78":{"start":{"line":79,"column":0},"end":{"line":79,"column":5}},"79":{"start":{"line":80,"column":0},"end":{"line":80,"column":16}},"80":{"start":{"line":81,"column":0},"end":{"line":81,"column":4}},"82":{"start":{"line":83,"column":0},"end":{"line":83,"column":37}},"83":{"start":{"line":84,"column":0},"end":{"line":84,"column":24}},"84":{"start":{"line":85,"column":0},"end":{"line":85,"column":20}},"85":{"start":{"line":86,"column":0},"end":{"line":86,"column":18}},"86":{"start":{"line":87,"column":0},"end":{"line":87,"column":9}},"87":{"start":{"line":88,
[...]
,"C:\\Users\\leosh\\OneDrive\\Documents\\Restaurant Booking System\\booking-app\\src\\services\\api.js": {"path":"C:\\Users\\leosh\\OneDrive\\Documents\\Restaurant Booking System\\booking-app\\src\\services\\api.js","all":false,"statementMap":{"0":{"start":{"line":1,"column":0},"end":{"line":1,"column":26}},"1":{"start":{"line":2,"column":0},"end":{"line":2,"column":0}},"2":{"start":{"line":3,"column":0},"end":{"line":3,"column":93}},"3":{"start":{"line":4,"column":0},"end":{"line":4,"column":50}},"4":{"start":{"line":5,"column":0},"end":{"line":5,"column":0}},"5":{"start":{"line":6,"column":0},"end":{"line":6,"column":36}},"6":{"start":{"line":7,"column":0},"end":{"line":7,"column":20}},"7":{"start":{"line":8,"column":0},"end":{"line":8,"column":24}},"8":{"start":{"line":9,"column":0},"end":{"line":9,"column":3}},"9":{"start":{"line":10,"column":0},"end":{"line":10,"column":38}},"10":{"start":{"line":11,"column":0},"end":{"line":11,"column":21}},"11":{"start":{"line":12,"column":0},"end":{"line":12,"column":24}},"12":{"start":{"line":13,"column":0},"end":{"line":13,"column":3}},"13":{"start":{"line":14,"column":0},"end":{"line":14,"column":0}},"14":{"start":{"line":15,"column":0},"end":{"line":15,"column":32}},"15":{"start":{"line":16,"column":0},"end":{"line":16,"column":49}},"16":{"start":{"line":17,"column":0},"end":{"line":17,"column":62}},"17":{"start":{"line":18,"column":0},"end":{"line":18,"column":16}},"18":{"start":{"line":19,"column":0},"end":{"line":19,"column":2}},"19":{"start":{"line":20,"column":0},"end":{"line":20,"column":44}},"20":{"start":{"line":21,"column":0},"end":{"line":21,"column":46}},"21":{"start":{"line":22,"column":0},"end":{"line":22,"column":0}},"22":{"start":{"line":23,"column":0},"end":{"line":23,"column":0}},"23":{"start":{"line":24,"column":0},"end":{"line":24,"column":0}},"24":{"start":{"line":25,"column":0},"end":{"line":25,"column":25}},"25":{"start":{"line":26,"column":0},"end":{"line":26,"column":15}},"26":{"start":{"line":27,"column":0},"end":{"line":27,"column":0}},"27":{"start":{"line":28,"column":0},"end":{"line":28,"column":42}},"28":{"start":{"line":29,"column":0},"end":{"line":29,"column":35}},"29":{"start":{"line":30,"column":0},"end":{"line":30,"column":17}},"30":{"start":{"line":31,"column":0},"end":{"line":31,"column":22}},"31":{"start":{"line":32,"column":0},"end":{"line":32,"column":36}},"32":{"start":{"line":33,"column":0},"end":{"line":33,"column":45}},"33":{"start":{"line":34,"column":0},"end":{"line":34,"column":0}},"34":{"start":{"line":35,"column":0},"end":{"line":35,"column":49}},"35":{"start":{"line":36,"column":0},"end":{"line":36,"column":47}},"36":{"start":{"line":37,"column":0},"end":{"line":37,"column":37}},"37":{"start":{"line":38,"column":0},"end":{"line":38,"column":7}},"38":{"start":{"line":39,"column":0},"end":{"line":39,"column":0}},"39":{"start":{"line":40,"column":0},"end":{"line":40,"column":37}},"40":{"start":{"line":41,"column":0},"end":{"line":41,"column":29}},"41":{"start":{"line":42,"column":0},"end":{"line":42,"column":0}},"42":{"start":{"line":43,"column":0},"end":{"line":43,"column":67}},"43":{"start":{"line":44,"column":0},"end":{"line":44,"column":25}},"44":{"start":{"line":45,"column":0},"end":{"line":45,"column":49}},"45":{"start":{"line":46,"column":0},"end":{"line":46,"column":52}},"46":{"start":{"line":47,"column":0},"end":{"line":47,"column":11}},"47":{"start":{"line":48,"column":0},"end":{"line":48,"column":7}},"48":{"start":{"line":49,"column":0},"end":{"line":49,"column":0}},"49":{"start":{"line":50,"column":0},"end":{"line":50,"column":26}},"50":{"start":{"line":51,"column":0},"end":{"line":51,"column":11}},"51":{"start":{"line":52,"column":0},"end":{"line":52,"column":83}},"52":{"start":{"line":53,"column":0},"end":{"line":53,"column":47}},"53":{"start":{"line":54,"column":0},"end":{"line":54,"column":79}},"54":{"start":{"line":55,"column":0},"end":{"line":55,"column":0}},"55":{"start":{"line":56,"column":0},"end":{"line":56,"column":31}},"56":{"start":{"line":57,"column":0},"end":{"line":57,"column":52}},"57":{"start":{"line":58,"column":0},"end":{"line":58,"column":97}},"58":{"start":{"line":59,"column":0},"end":{"line":59,"column":0}},"59":{"start":{"line":60,"column":0},"end":{"line":60,"column":32}},"60":{"start":{"line":61,"column":0},"end":{"line":61,"column":53}},"61":{"start":{"line":62,"column":0},"end":{"line":62,"column":85}},"62":{"start":{"line":63,"column":0},"end":{"line":63,"column":29}},"63":{"start":{"line":64,"column":0},"end":{"line":64,"column":11}},"64":{"start":{"line":65,"column":0},"end":{"line":65,"column":19}},"65":{"start":{"line":66,"column":0},"end":{"line":66,"column":0}},"66":{"start":{"line":67,"column":0},"end":{"line":67,"column":25}},"67":{"start":{"line":68,"column":0},"end":{"line":68,"column":32}},"68":{"start":{"line":69,"column":0},"end":{"line":69,"column":19}},"69":{"start":{"line":70,"column":0},"end":{"line":70,"column":47}},"70":{"start":{"line":71,"column":0},"end":{"line":71,"column":49}},"71":{"start":{"line":72,"column":0},"end":{"line":72,"column":19}},"72":{"start":{"line":73,"column":0},"end":{"line":73,"column":0}},"73":{"start":{"line":74,"column":0},"end":{"line":74,"column":30}},"74":{"start":{"line":75,"column":0},"end":{"line":75,"column":44}},"75":{"start":{"line":76,"column":0},"end":{"line":76,"column":48}},"76":{"start":{"line":77,"column":0},"end":{"line":77,"column":44}},"77":{"start":{"line":78,"column":0},"end":{"line":78,"column":33}},"78":{"start":{"line":79,"column":0},"end":{"line":79,"column":17}},"79":{"start":{"line":80,"column":0},"end":{"line":80,"column":29}},"80":{"start":{"line":81,"column":0},"end":{"line":81,"column":7}},"81":{"start":{"line":82,"column":0},"end":{"line":82,"column":5}},"82":{"start":{"line":83,"column":0},"end":{"line":83,"column":4}},"83":{"start":{"line":84,"column":0},"end":{"line":84,"column":1}},"84":{"start":{"line":85,"column":0},"end":{"line":85,"column":0}},"85":{"start":{"line":86,"column":0},"end":{"line":86,"column":24}},"86":{"start":{"line":87,"column":0},"end":{"line":87,"column":32}},"87":{"start":{"line":88,"column":0},"end":{"line":88,"column":34}},"88":{"start":{"line":89,"column":0},"end":{"line":89,"column":0}},"89":{"start":{"line":90,"column":0},"end":{"line":90,"column":20}},"90":{"start":{"line":91,"column":0},"end":{"line":91,"column":0}},"91":{"start":{"line":92,"column":0},"end":{"line":92,"column":61}},"92":{"start":{"line":93,"column":0},"end":{"line":93,"column":81}},"93":{"start":{"line":94,"column":0},"end":{"line":94,"column":61}},"94":{"start":{"line":95,"column":0},"end":{"line":95,"column":1}},"95":{"start":{"line":96,"column":0},"end":{"line":96,"column":0}},"96":{"start":{"line":97,"column":0},"end":{"line":97,"column":91}},"97":{"start":{"line":98,"column":0},"end":{"line":98,"column":49}},"98":{"start":{"line":99,"column":0},"end":{"line":99,"column":33}},"99":{"start":{"line":100,"column":0},"end":{"line":100,"column":36}},"100":{"start":{"line":101,"column":0},"end":{"line":101,"column":30}},"101":{"start":{"line":102,"column":0},"end":{"line":102,"column":42}},"102":{"start":{"line":103,"column":0},"end":{"line":103,"column":24}},"103":{"start":{"line":104,"column":0},"end":{"line":104,"column":3}},"104":{"start":{"line":105,"column":0},"end":{"line":105,"column":61}},"105":{"start":{"line":106,"column":0},"end":{"line":106,"column":18}},"106":{"start":{"line":107,"column":0},"end":{"line":107,"column":1}},"107":{"start":{"line":108,"column":0},"end":{"line":108,"column":0}},"108":{"start":{"line":109,"column":0},"end":{"line":109,"column":33}},"109":{"start":{"line":110,"column":0},"end":{"line":110,"column":51}},"110":{"start":{"line":111,"column":0},"end":{"line":111,"column":18}},"111":{"start":{"line":112,"column":0},"end":{"line":112,"column":1}},"112":{"start":{"line":113,"column":0},"end":{"line":113,"column":0}},"113":{"start":{"line":114,"column":0},"end":{"line":114,"column":36}},"114":{"start":{"line":115,"column":0},"end":{"line":115,"column":63}},"115":{"start":{"line":116,"column":0},"end":{"line":116,"column":1}},"116":{"start":{"line":117,"column":0},"end":{"line":117,"column":0}},"117":{"start":{"line":118,"column":0},"end":{"line":118,"column":38}},"118":{"start":{"line":119,"column":0},"end":{"line":119,"column":45}},"119":{"start":{"line":120,"column":0},"end":{"line":120,"column":18}},"120":{"start":{"line":121,"column":0},"end":{"line":121,"column":1}},"121":{"start":{"line":122,"column":0},"end":{"line":122,"column":0}},"122":{"start":{"line":123,"column":0},"end":{"line":123,"column":20}},"123":{"start":{"line":124,"column":0},"end":{"line":124,"column":0}},"124":{"start":{"line":125,"column":0},"end":{"line":125,"column":75}},"125":{"start":{"line":126,"column":0},"end":{"line":126,"column":37}},"126":{"start":{"line":127,"column":0},"end":{"line":127,"column":30}},"127":{"start":{"line":128,"column":0},"end":{"line":128,"column":43}},"128":{"start":{"line":129,"column":0},"end":{"line":129,"column":36}},"129":{"start":{"line":130,"column":0},"end":{"line":130,"column":0}},"130":{"start":{"line":131,"column":0},"end":{"line":131,"column":91}},"131":{"start":{"line":132,"column":0},"end":{"line":132,"column":69}},"132":{"start":{"line":133,"column":0},"end":{"line":133,"column":5}},"133":{"start":{"line":134,"column":0},"end":{"line":134,"column":46}},"134":{"start":{"line":135,"column":0},"end":{"line":135,"column":1}},"135":{"start":{"line":136,"column":0},"end":{"line":136,"column":0}},"136":{"start":{"line":137,"column":0},"end":{"line":137,"column":59}},"137":{"start":{"line":138,"column":0},"end":{"line":138,"column":37}},"138":{"start":{"line":139,"column":0},"end":{"line":139,"column":40}},"139":{"start":{"line":140,"column":0},"end":{"line":140,"column":40}},"140":{"start":{"line":141,"column":0},"end":{"line":141,"column":48}},"141":{"start":{"line":142,"column":0},"end":{"line":142,"column":36}},"142":{"start":{"line":143,"column":0},"end":{"line":143,"column":78}},"143":{"start":{"line":144,"column":0},"end":{"line":144,"column":0}},"144":{"start":{"line":145,"column":0},"end":{"line":145,"column":70}},"145":{"start":{"line":146,"column":0},"end":{"line":146,"column":64}},"146":{"start":{"line":147,"column":0},"end":{"line":147,"column":58}},"147":{"start":{"line":148,"column":0},"end":{"line":148,"column":61}},"148":{"start":{"line":149,"column":0},"end":{"line":149,"column":0}},"149":{"start":{"line":150,"column":0},"end":{"line":150,"column":84}},"150":{"start":{"line":151,"column":0},"end":{"line":151,"column":69}},"151":{"start":{"line":152,"column":0},"end":{"line":152,"column":5}},"152":{"start":{"line":153,"column":0},"end":{"line":153,"column":1}},"153":{"start":{"line":154,"column":0},"end":{"line":154,"column":0}},"154":{"start":{"line":155,"column":0},"end":{"line":155,"column":73}},"155":{"start":{"line":156,"column":0},"end":{"line":156,"column":86}},"156":{"start":{"line":157,"column":0},"end":{"line":157,"column":18}},"157":{"start":{"line":158,"column":0},"end":{"line":158,"column":1}},"158":{"start":{"line":159,"column":0},"end":{"line":159,"column":0}},"159":{"start":{"line":160,"column":0},"end":{"line":160,"column":91}},"160":{"start":{"line":161,"column":0},"end":{"line":161,"column":37}},"161":{"start":{"line":162,"column":0},"end":{"line":162,"column":44}},"162":{"start":{"line":163,"column":0},"end":{"line":163,"column":43}},"163":{"start":{"line":164,"column":0},"end":{"line":164,"column":65}},"164":{"start":{"line":165,"column":0},"end":{"line":165,"column":0}},"165":{"start":{"line":166,"column":0},"end":{"line":166,"column":32}},"166":{"start":{"line":167,"column":0},"end":{"line":167,"column":65}},"167":{"start":{"line":168,"column":0},"end":{"line":168,"column":9}},"168":{"start":{"line":169,"column":0},"end":{"line":169,"column":72}},"169":{"start":{"line":170,"column":0},"end":{"line":170,"column":4}},"170":{"start":{"line":171,"column":0},"end":{"line":171,"column":18}},"171":{"start":{"line":172,"column":0},"end":{"line":172,"column":1}},"172":{"start":{"line":173,"column":0},"end":{"line":173,"column":0}},"173":{"start":{"line":174,"column":0},"end":{"line":174,"column":71}},"174":{"start":{"line":175,"column":0},"end":{"line":175,"column":37}},"175":{"start":{"line":176,"column":0},"end":{"line":176,"column":60}},"176":{"start":{"line":177,"column":0},"end":{"line":177,"column":60}},"177":{"start":{"line":178,"column":0},"end":{"line":178,"column":68}},"178":{"start":{"line":179,"column":0},"end":{"line":179,"column":98}},"179":{"start":{"line":180,"column":0},"end":{"line":180,"column":0}},"180":{"start":{"line":181,"column":0},"end":{"line":181,"column":33}},"181":{"start":{"line":182,"column":0},"end":{"line":182,"column":58}},"182":{"start":{"line":183,"column":0},"end":{"line":183,"column":9}},"183":{"start":{"line":184,"column":0},"end":{"line":184,"column":72}},"184":{"start":{"line":185,"column":0},"end":{"line":185,"column":4}},"185":{"start":{"line":186,"column":0},"end":{"line":186,"column":18}},"186":{"start":{"line":187,"column":0},"end":{"line":187,"column":1}}},"s":{"0":1,"1":1,"2":1,"3":1,"4":1,"5":1,"6":1,"7":1,"8":1,"9":1,"10":1,"11":1,"12":1,"13":1,"14":1,"15":0,"16":0,"17":0,"18":0,"19":1,"20":1,"21":1,"22":1,"23":1,"24":1,"25":1,"26":1,"27":14,"28":14,"29":14,"30":14,"31":0,"32":0,"33":0,"34":0,"35":0,"36":0,"37":0,"38":0,"39":0,"40":0,"41":0,"42":0,"43":0,"44":0,"45":0,"46":0,"47":0,"48":0,"49":0,"50":0,"51":0,"52":0,"53":0,"54":0,"55":0,"56":0,"57":0,"58":0,"59":0,"60":0,"61":0,"62":0,"63":0,"64":0,"65":0,"66":0,"67":0,"68":0,"69":0,"70":0,"71":0,"72":0,"73":0,"74":0,"75":0,"76":0,"77":0,"78":0,"79":0,"80":0,"81":0,"82":14,"83":14,"84":1,"85":1,"86":1,"87":1,"88":1,"89":1,"90":1,"91":1,"92":0,"93":0,"94":0,"95":1,"96":1,"97":0,"98":0,"99":0,"100":0,"101":0,"102":0,"103":0,"104":0,"105":0,"106":0,"107":1,"108":1,"109":0,"110":0,"111":0,"112":1,"113":1,"114":0,"115":0,"116":1,"117":1,"118":0,"119":0,"120":0,"121":1,"122":1,"123":1,"124":1,"125":0,"126":0,"127":0,"128":0,"129":0,"130":0,"131":0,"132":0,"133":0,"134":0,"135":1,"136":1,"137":0,"138":0,"139":0,"140":0,"141":0,"142":0,"143":0,"144":0,"145":0,"146":0,"147":0,"148":0,"149":0,"150":0,"151":0,"152":0,"153":1,"154":1,"155":0,"156":0,"157":0,"158":1,"159":1,"160":0,"161":0,"162":0,"163":0,"164":0,"165":0,"166":0,"167":0,"168":0,"169":0,"170":0,"171":0,"172":1,"173":1,"174":0,"175":0,"176":0,"177":0,"178":0,"179":0,"180":0,"181":0,"182":0,"183":0,"184":0,"185":0,"186":0},"branchMap":{"0":{"type":"branch","line":3,"loc":{"start":{"line":3,"column":47},"end":{"line":3,"column":92}},"locations":[{"start":{"line":3,"column":47},"end":{"line":3,"column":92}}]},"1":{"type":"branch","line":28,"loc":{"start":{"line":28,"column":0},"end":{"line":84,"column":1}},"locations":[{"start":{"line":28,"column":0},"end":{"line":84,"column":1}}]}},"b":{"0":[0],"1":[14]},"fnMap":{"0":{"name":"attachAuth","decl":{"start":{"line":15,"column":19},"end":{"line":19,"column":2}},"loc":{"start":{"line":15,"column":19},"end":{"line":19,"column":2}},"line":15},"1":{"name":"setupRefreshInterceptor","decl":{"start":{"line":28,"column":0},"end":{"line":84,"column":1}},"loc":{"start":{"line":28,"column":0},"end":{"line":84,"column":1}},"line":28},"2":{"name":"client.interceptors.response.use.original","decl":{"start":{"line":30,"column":4},"end":{"line":30,"column":16}},"loc":{"start":{"line":30,"column":4},"end":{"line":30,"column":16}},"line":30},"3":{"name":"login","decl":{"start":{"line":92,"column":7},"end":{"line":95,"column":1}},"loc":{"start":{"line":92,"column":7},"end":{"line":95,"column":1}},"line":92},"4":{"name":"register","decl":{"start":{"line":97,"column":7},"end":{"line":107,"column":1}},"loc":{"start":{"line":97,"column":7},"end":{"line":107,"column":1}},"line":97},"5":{"name":"refresh","decl":{"start":{"line":109,"column":7},"end":{"line":112,"column":1}},"loc":{"start":{"line":109,"column":7},"end":{"line":112,"column":1}},"line":109},"6":{"name":"authLogout","decl":{"start":{"line":114,"column":7},"end":{"line":116,"column":1}},"loc":{"start":{"line":114,"column":7},"end":{"line":116,"column":1}},"line":114},"7":{"name":"getAccountMe","decl":{"start":{"line":118,"column":7},"end":{"line":121,"column":1}},"loc":{"start":{"line":118,"column":7},"end":{"line":121,"column":1}},"line":118},"8":{"name":"searchAvailability","decl":{"start":{"line":125,"column":7},"end":{"line":135,"column":1}},"loc":{"start":{"line":125,"column":7},"end":{"line":135,"column":1}},"line":125},"9":{"name":"createBooking","decl":{"start":{"line":137,"column":7},"end":{"line":153,"column":1}},"loc":{"start":{"line":137,"column":7},"end":{"line":153,"column":1}},"line":137},"10":{"name":"getBookingByReference","decl":{"start":{"line":155,"column":7},"end":{"line":158,"column":1}},"loc":{"start":{"line":155,"column":7},"end":{"line":158,"column":1}},"line":155},"11":{"name":"cancelBooking","decl":{"start":{"line":160,"column":7},"end":{"line":172,"column":1}},"loc":{"start":{"line":160,"column":7},"end":{"line":172,"column":1}},"line":160},"12":{"name":"updateBooking","decl":{"start":{"line":174,"column":7},"end":{"line":187,"column":1}},"loc":{"start":{"line":174,"column":7},"end":{"line":187,"column":1}},"line":174}},"f":{"0":0,"1":14,"2":0,"3":0,"4":0,"5":0,"6":0,"7":0,"8":0,"9":0,"10":0,"11":0,"12":0}}
,"C:\\Users\\leosh\\OneDrive\\Documents\\Restaurant Booking System\\booking-app\\src\\test\\test-utils.jsx": {"path":"C:\\Users\\leosh\\OneDrive\\Documents\\Restaurant Booking System\\booking-app\\src\\test\\test-utils.jsx","all":false,"statementMap":{"0":{"start":{"line":1,"column":0},"end":{"line":1,"column":48}},"1":{"start":{"line":2,"column":0},"end":{"line":2,"column":48}},"2":{"start":{"line":3,"column":0},"end":{"line":3,"column":50}},"4":{"start":{"line":5,"column":0},"end":{"line":5,"column":74}},"5":{"start":{"line":6,"column":0},"end":{"line":6,"column":42}},"6":{"start":{"line":7,"column":0},"end":{"line":7,"column":37}},"7":{"start":{"line":8,"column":0},"end":{"line":8,"column":28}},"8":{"start":{"line":9,"column":0},"end":{"line":9,"column":70}},"9":{"start":{"line":10,"column":0},"end":{"line":10,"column":19}},"11":{"start":{"line":12,"column":0},"end":{"line":12,"column":42}},"12":{"start":{"line":13,"column":0},"end":{"line":13,"column":1}}},"s":{"0":1,"1":1,"2":1,"4":1,"5":5,"6":5,"7":5,"8":5,"9":5,"11":5,"12":5},"branchMap":{"0":{"type":"branch","line":5,"loc":{"start":{"line":5,"column":7},"end":{"line":13,"column":1}},"locations":[{"start":{"line":5,"column":7},"end":{"line":13,"column":1}}]},"1":{"type":"branch","line":7,"loc":{"start":{"line":7,"column":18},"end":{"line":10,"column":19}},"locations":[{"start":{"line":7,"column":18},"end":{"line":10,"column":19}}]}},"b":{"0":[5],"1":[5]},"fnMap":{"0":{"name":"renderWithProviders","decl":{"start":{"line":5,"column":7},"end":{"line":13,"column":1}},"loc":{"start":{"line":5,"column":7},"end":{"line":13,"column":1}},"line":5},"1":{"name":"Wrapper","decl":{"start":{"line":7,"column":18},"end":{"line":10,"column":19}},"loc":{"start":{"line":7,"column":18},"end":{"line":10,"column":19}},"line":7}},"f":{"0":5,"1":5}}
}
